7.5895 	ERROR 	Plugin `psychopy-cedrus` entry point requires module `psychopy_cedrus`, but it cannot be imported.
11.0629 	DEBUG 	Fullscreen settings ignored as running in pilot mode.
11.0646 	INFO 	Loaded monitor calibration from ['2024_04_22 18:56']
11.4331 	EXP 	Created window1 = Window(allowGUI=True, allowStencil=False, autoLog=True, backendConf=UNKNOWN, backgroundFit=<method-wrapper '__getattribute__' of attributeSetter object at 0x7f83b9504a00>, backgroundImage=<method-wrapper '__getattribute__' of attributeSetter object at 0x7f83b95049a0>, bitsMode=UNKNOWN, blendMode='avg', bpc=(8, 8, 8), color=array([0, 0, 0]), colorSpace='rgb', depthBits=8, fullscr=<method-wrapper '__getattribute__' of attributeSetter object at 0x7f83b9504760>, gamma=None, gammaErrorPolicy='raise', infoMsg=UNKNOWN, lms=UNKNOWN, monitor=<psychopy.monitors.calibTools.Monitor object at 0x7f83aedf04f0>, multiSample=False, name='window1', numSamples=2, pos=[464.0, 258.0], screen=0, size=array([2048, 1536]), stencilBits=0, stereo=False, title='PsychoPy', units='height', useFBO=True, useRetina=True, viewOri=0.0, viewPos=None, viewScale=None, waitBlanking=True, winType='pyglet')
11.4333 	EXP 	window1: mouseVisible = True
11.4333 	EXP 	window1: backgroundImage = ''
11.4333 	EXP 	window1: backgroundFit = 'none'
11.4336 	EXP 	window1: mouseVisible = True
11.4341 	EXP 	window1: mouseVisible = True
11.4387 	EXP 	window1: mouseVisible = True
11.4397 	EXP 	window1: mouseVisible = True
11.4565 	DEBUG 	TextBox2 loaded 1 chars with 0 blanks and 1 valid
11.4578 	DEBUG 	TextBox2 loaded 1 chars with 0 blanks and 1 valid
11.4593 	DEBUG 	TextBox2 loaded 1 chars with 0 blanks and 1 valid
11.4614 	DEBUG 	TextBox2 loaded 1 chars with 0 blanks and 1 valid
11.4633 	DEBUG 	TextBox2 loaded 1 chars with 0 blanks and 1 valid
11.4640 	DEBUG 	TextBox2 loaded 1 chars with 0 blanks and 1 valid
11.4654 	DEBUG 	TextBox2 loaded 1 chars with 0 blanks and 1 valid
11.4675 	DEBUG 	TextBox2 loaded 1 chars with 0 blanks and 1 valid
11.4679 	DEBUG 	TextBox2 loaded 1 chars with 0 blanks and 1 valid
11.4683 	DEBUG 	TextBox2 loaded 1 chars with 0 blanks and 1 valid
11.4698 	DEBUG 	TextBox2 loaded 1 chars with 0 blanks and 1 valid
11.4712 	DEBUG 	TextBox2 loaded 1 chars with 0 blanks and 1 valid
11.4724 	DEBUG 	TextBox2 loaded 1 chars with 0 blanks and 1 valid
11.4738 	DEBUG 	TextBox2 loaded 1 chars with 0 blanks and 1 valid
11.4749 	DEBUG 	TextBox2 loaded 1 chars with 0 blanks and 1 valid
11.4765 	DEBUG 	TextBox2 loaded 1 chars with 0 blanks and 1 valid
11.4779 	DEBUG 	TextBox2 loaded 1 chars with 0 blanks and 1 valid
11.4784 	DEBUG 	TextBox2 loaded 1 chars with 0 blanks and 1 valid
11.4792 	DEBUG 	TextBox2 loaded 1 chars with 0 blanks and 1 valid
11.4813 	DEBUG 	TextBox2 loaded 1 chars with 0 blanks and 1 valid
11.4821 	DEBUG 	TextBox2 loaded 1 chars with 0 blanks and 1 valid
11.4832 	DEBUG 	Uploading Texture Font fontname to graphics card
11.4888 	DEBUG 	Upload of Texture Font fontname complete
11.4930 	EXP 	window1: mouseVisible = True
11.4932 	EXP 	window1: mouseVisible = True
11.4941 	EXP 	window1: mouseVisible = True
11.4949 	EXP 	window1: mouseVisible = True
11.5015 	DEBUG 	TextBox2 loaded 1 chars with 0 blanks and 1 valid
11.5035 	DEBUG 	TextBox2 loaded 1 chars with 0 blanks and 1 valid
11.5055 	DEBUG 	TextBox2 loaded 1 chars with 0 blanks and 1 valid
11.5058 	DEBUG 	Uploading Texture Font fontname to graphics card
11.5094 	DEBUG 	Upload of Texture Font fontname complete
11.5144 	EXP 	window1: Attempting to measure frame rate of screen (0) ...
11.5145 	EXP 	window1: recordFrameIntervals = False
11.9430 	EXP 	window1: recordFrameIntervals = True
12.3027 	WARNING 	t of last frame was 42.83ms (=1/23)
12.7599 	WARNING 	t of last frame was 23.04ms (=1/43)
12.8484 	WARNING 	Couldn't measure a consistent frame rate!
  - Is your graphics card set to sync to vertical blank?
  - Are you running other processes on your computer?

12.8486 	EXP 	window1: mouseVisible = False
12.8491 	EXP 	window1: mouseVisible = True
12.8496 	EXP 	window1: mouseVisible = True
12.8505 	EXP 	window1: mouseVisible = True
12.8513 	EXP 	window1: mouseVisible = True
12.8593 	DEBUG 	TextBox2 loaded 1 chars with 0 blanks and 1 valid
12.8601 	DEBUG 	TextBox2 loaded 1 chars with 0 blanks and 1 valid
12.8617 	DEBUG 	TextBox2 loaded 1 chars with 0 blanks and 1 valid
12.8641 	DEBUG 	TextBox2 loaded 1 chars with 0 blanks and 1 valid
12.8662 	DEBUG 	TextBox2 loaded 1 chars with 0 blanks and 1 valid
12.8684 	DEBUG 	TextBox2 loaded 1 chars with 0 blanks and 1 valid
12.8691 	DEBUG 	TextBox2 loaded 1 chars with 0 blanks and 1 valid
12.8710 	DEBUG 	TextBox2 loaded 1 chars with 0 blanks and 1 valid
12.8730 	DEBUG 	TextBox2 loaded 1 chars with 0 blanks and 1 valid
12.8750 	DEBUG 	TextBox2 loaded 1 chars with 0 blanks and 1 valid
12.8754 	DEBUG 	Uploading Texture Font fontname to graphics card
12.8797 	DEBUG 	Upload of Texture Font fontname complete
12.8844 	EXP 	window1: mouseVisible = True
12.8846 	EXP 	window1: mouseVisible = True
12.8854 	EXP 	window1: mouseVisible = True
12.8863 	EXP 	window1: mouseVisible = True
12.9123 	WARNING 	launchHubServer: If using the iohub mouse or eyetracker devices, fullScr should be True.
16.5642 	INFO 	keyboard.Keyboard is using iohub backend.
16.5644 	EXP 	untitled: status = STARTED
16.5660 	EXP 	window1: mouseVisible = True
16.5664 	EXP 	window1: mouseVisible = True
16.5680 	EXP 	window1: mouseVisible = True
16.5688 	EXP 	window1: mouseVisible = True
16.5774 	DEBUG 	TextBox2 loaded 1 chars with 0 blanks and 1 valid
16.5783 	DEBUG 	TextBox2 loaded 1 chars with 0 blanks and 1 valid
16.5791 	DEBUG 	TextBox2 loaded 1 chars with 0 blanks and 1 valid
16.5799 	DEBUG 	TextBox2 loaded 1 chars with 0 blanks and 1 valid
16.5806 	DEBUG 	TextBox2 loaded 1 chars with 0 blanks and 1 valid
16.5814 	DEBUG 	TextBox2 loaded 1 chars with 0 blanks and 1 valid
16.5822 	DEBUG 	TextBox2 loaded 1 chars with 0 blanks and 1 valid
16.5832 	DEBUG 	TextBox2 loaded 1 chars with 0 blanks and 1 valid
16.5836 	DEBUG 	TextBox2 loaded 1 chars with 0 blanks and 1 valid
16.5843 	DEBUG 	TextBox2 loaded 1 chars with 0 blanks and 1 valid
16.5850 	DEBUG 	TextBox2 loaded 1 chars with 0 blanks and 1 valid
16.5854 	DEBUG 	TextBox2 loaded 1 chars with 0 blanks and 1 valid
16.5862 	DEBUG 	TextBox2 loaded 1 chars with 0 blanks and 1 valid
16.5870 	DEBUG 	TextBox2 loaded 1 chars with 0 blanks and 1 valid
16.5878 	DEBUG 	TextBox2 loaded 1 chars with 0 blanks and 1 valid
16.5882 	DEBUG 	Uploading Texture Font fontname to graphics card
16.5933 	DEBUG 	Upload of Texture Font fontname complete
16.5975 	EXP 	window1: mouseVisible = True
16.5977 	EXP 	window1: mouseVisible = True
16.5985 	EXP 	window1: mouseVisible = True
16.5992 	EXP 	window1: mouseVisible = True
16.6042 	DEBUG 	TextBox2 loaded 1 chars with 0 blanks and 1 valid
16.6051 	DEBUG 	TextBox2 loaded 1 chars with 0 blanks and 1 valid
16.6057 	DEBUG 	TextBox2 loaded 1 chars with 0 blanks and 1 valid
16.6065 	DEBUG 	TextBox2 loaded 1 chars with 0 blanks and 1 valid
16.6070 	DEBUG 	TextBox2 loaded 1 chars with 0 blanks and 1 valid
16.6073 	DEBUG 	TextBox2 loaded 1 chars with 0 blanks and 1 valid
16.6076 	DEBUG 	Uploading Texture Font fontname to graphics card
16.6114 	DEBUG 	Upload of Texture Font fontname complete
16.6146 	INFO 	keyboard.Keyboard is using iohub backend.
16.6149 	EXP 	window1: mouseVisible = True
16.6286 	EXP 	Created targ_top_right = ShapeStim(__class__=<class 'psychopy.visual.shape.ShapeStim'>, anchor=('center', 'center'), autoDraw=False, autoLog=True, closeShape=True, color=method-wrapper(...), colorSpace='rgb', contrast=None, depth=0.0, draggable=False, fillColor=array([-1, -1,  1]), fillColorSpace='rgb', fillRGB=array([-1, -1,  1]), interpolate=True, lineColor=array([-1., -1., -1.]), lineColorSpace='rgb', lineRGB=array([-1, -1, -1]), lineWidth=1.0, name='targ_top_right', opacity=1.0, ori=0.0, pos=array([0.3, 0.3]), size=array([0.2, 0.2]), units='height', vertices=ndarray(...), win=Window(...), windingRule=None)
16.6288 	EXP 	window1: mouseVisible = True
16.6346 	EXP 	Created targ_mid_right = ShapeStim(__class__=<class 'psychopy.visual.shape.ShapeStim'>, anchor=('center', 'center'), autoDraw=False, autoLog=True, closeShape=True, color=method-wrapper(...), colorSpace='rgb', contrast=None, depth=-1.0, draggable=False, fillColor=array([-1, -1,  1]), fillColorSpace='rgb', fillRGB=array([-1, -1,  1]), interpolate=True, lineColor=array([-1., -1., -1.]), lineColorSpace='rgb', lineRGB=array([-1, -1, -1]), lineWidth=1.0, name='targ_mid_right', opacity=1.0, ori=0.0, pos=array([0.3, 0. ]), size=array([0.2, 0.2]), units='height', vertices=ndarray(...), win=Window(...), windingRule=None)
16.6348 	EXP 	window1: mouseVisible = True
16.6396 	EXP 	Created targ_bot_right = ShapeStim(__class__=<class 'psychopy.visual.shape.ShapeStim'>, anchor=('center', 'center'), autoDraw=False, autoLog=True, closeShape=True, color=method-wrapper(...), colorSpace='rgb', contrast=None, depth=-7.0, draggable=False, fillColor=array([-1, -1,  1]), fillColorSpace='rgb', fillRGB=array([-1, -1,  1]), interpolate=True, lineColor=array([-1., -1., -1.]), lineColorSpace='rgb', lineRGB=array([-1, -1, -1]), lineWidth=1.0, name='targ_bot_right', opacity=1.0, ori=0.0, pos=array([ 0.3, -0.3]), size=array([0.2, 0.2]), units='height', vertices=ndarray(...), win=Window(...), windingRule=None)
16.6397 	EXP 	window1: mouseVisible = True
16.6444 	EXP 	Created targ_bot_center = ShapeStim(__class__=<class 'psychopy.visual.shape.ShapeStim'>, anchor=('center', 'center'), autoDraw=False, autoLog=True, closeShape=True, color=method-wrapper(...), colorSpace='rgb', contrast=None, depth=-2.0, draggable=False, fillColor=array([-1, -1,  1]), fillColorSpace='rgb', fillRGB=array([-1, -1,  1]), interpolate=True, lineColor=array([-1., -1., -1.]), lineColorSpace='rgb', lineRGB=array([-1, -1, -1]), lineWidth=1.0, name='targ_bot_center', opacity=1.0, ori=0.0, pos=array([ 0. , -0.3]), size=array([0.2, 0.2]), units='height', vertices=ndarray(...), win=Window(...), windingRule=None)
16.6445 	EXP 	window1: mouseVisible = True
16.6492 	EXP 	Created targ_top_center = ShapeStim(__class__=<class 'psychopy.visual.shape.ShapeStim'>, anchor=('center', 'center'), autoDraw=False, autoLog=True, closeShape=True, color=method-wrapper(...), colorSpace='rgb', contrast=None, depth=-3.0, draggable=False, fillColor=array([-1, -1,  1]), fillColorSpace='rgb', fillRGB=array([-1, -1,  1]), interpolate=True, lineColor=array([-1., -1., -1.]), lineColorSpace='rgb', lineRGB=array([-1, -1, -1]), lineWidth=1.0, name='targ_top_center', opacity=1.0, ori=0.0, pos=array([0. , 0.3]), size=array([0.2, 0.2]), units='height', vertices=ndarray(...), win=Window(...), windingRule=None)
16.6493 	EXP 	window1: mouseVisible = True
16.6544 	EXP 	Created targ_top_left = ShapeStim(__class__=<class 'psychopy.visual.shape.ShapeStim'>, anchor=('center', 'center'), autoDraw=False, autoLog=True, closeShape=True, color=method-wrapper(...), colorSpace='rgb', contrast=None, depth=-4.0, draggable=False, fillColor=array([-1, -1,  1]), fillColorSpace='rgb', fillRGB=array([-1, -1,  1]), interpolate=True, lineColor=array([-1., -1., -1.]), lineColorSpace='rgb', lineRGB=array([-1, -1, -1]), lineWidth=1.0, name='targ_top_left', opacity=1.0, ori=0.0, pos=array([-0.3,  0.3]), size=array([0.2, 0.2]), units='height', vertices=ndarray(...), win=Window(...), windingRule=None)
16.6545 	EXP 	window1: mouseVisible = True
16.6592 	EXP 	Created targ_mid_left = ShapeStim(__class__=<class 'psychopy.visual.shape.ShapeStim'>, anchor=('center', 'center'), autoDraw=False, autoLog=True, closeShape=True, color=method-wrapper(...), colorSpace='rgb', contrast=None, depth=-5.0, draggable=False, fillColor=array([-1, -1,  1]), fillColorSpace='rgb', fillRGB=array([-1, -1,  1]), interpolate=True, lineColor=array([-1., -1., -1.]), lineColorSpace='rgb', lineRGB=array([-1, -1, -1]), lineWidth=1.0, name='targ_mid_left', opacity=1.0, ori=0.0, pos=array([-0.3,  0. ]), size=array([0.2, 0.2]), units='height', vertices=ndarray(...), win=Window(...), windingRule=None)
16.6593 	EXP 	window1: mouseVisible = True
16.6639 	EXP 	Created targ_bot_left = ShapeStim(__class__=<class 'psychopy.visual.shape.ShapeStim'>, anchor=('center', 'center'), autoDraw=False, autoLog=True, closeShape=True, color=method-wrapper(...), colorSpace='rgb', contrast=None, depth=-6.0, draggable=False, fillColor=array([-1, -1,  1]), fillColorSpace='rgb', fillRGB=array([-1, -1,  1]), interpolate=True, lineColor=array([-1., -1., -1.]), lineColorSpace='rgb', lineRGB=array([-1, -1, -1]), lineWidth=1.0, name='targ_bot_left', opacity=1.0, ori=0.0, pos=array([-0.3, -0.3]), size=array([0.2, 0.2]), units='height', vertices=ndarray(...), win=Window(...), windingRule=None)
16.6641 	EXP 	window1: mouseVisible = True
16.6642 	EXP 	window1: mouseVisible = True
16.6650 	EXP 	window1: mouseVisible = True
16.6657 	EXP 	window1: mouseVisible = True
16.6707 	DEBUG 	TextBox2 loaded 1 chars with 0 blanks and 1 valid
16.6715 	DEBUG 	TextBox2 loaded 1 chars with 0 blanks and 1 valid
16.6721 	DEBUG 	TextBox2 loaded 1 chars with 0 blanks and 1 valid
16.6729 	DEBUG 	TextBox2 loaded 1 chars with 0 blanks and 1 valid
16.6735 	DEBUG 	TextBox2 loaded 1 chars with 0 blanks and 1 valid
16.6740 	DEBUG 	TextBox2 loaded 1 chars with 0 blanks and 1 valid
16.6742 	DEBUG 	Uploading Texture Font fontname to graphics card
16.6778 	DEBUG 	Upload of Texture Font fontname complete
16.6813 	EXP 	window1: mouseVisible = True
16.6815 	EXP 	window1: mouseVisible = True
16.6823 	EXP 	window1: mouseVisible = True
16.6830 	EXP 	window1: mouseVisible = True
16.6905 	EXP 	window1: mouseVisible = True
16.6925 	EXP 	Created unnamed ShapeStim = ShapeStim(__class__=<class 'psychopy.visual.shape.ShapeStim'>, anchor=('center', 'center'), autoDraw=False, autoLog=True, closeShape=False, color=method-wrapper(...), colorSpace='rgb', contrast=None, depth=0, draggable=False, fillColor=array([0, 0, 0]), fillColorSpace='rgb', fillRGB=array([0, 0, 0]), interpolate=True, lineColor=array([1., 1., 1.]), lineColorSpace='rgb', lineRGB=array([1, 1, 1]), lineWidth=3.5, name='unnamed ShapeStim', opacity=0.5, ori=0.0, pos=array([0., 0.]), size=array([1., 1.]), units='height', vertices=array([[-0.05,  0.  ],
       [ 0.05,  0.  ]]), win=Window(...), windingRule=None)
16.6926 	EXP 	window1: mouseVisible = True
16.6945 	EXP 	Created unnamed ShapeStim = ShapeStim(__class__=<class 'psychopy.visual.shape.ShapeStim'>, anchor=('center', 'center'), autoDraw=False, autoLog=True, closeShape=False, color=method-wrapper(...), colorSpace='rgb', contrast=None, depth=0, draggable=False, fillColor=array([0, 0, 0]), fillColorSpace='rgb', fillRGB=array([0, 0, 0]), interpolate=True, lineColor=array([1., 1., 1.]), lineColorSpace='rgb', lineRGB=array([1, 1, 1]), lineWidth=3.5, name='unnamed ShapeStim', opacity=0.5, ori=0.0, pos=array([0., 0.]), size=array([1., 1.]), units='height', vertices=array([[ 0.  , -0.05],
       [ 0.  ,  0.05]]), win=Window(...), windingRule=None)
16.6946 	EXP 	window1: mouseVisible = True
16.6993 	EXP 	Created unnamed ShapeStim = ShapeStim(__class__=<class 'psychopy.visual.shape.ShapeStim'>, anchor=('center', 'center'), autoDraw=False, autoLog=True, closeShape=True, color=method-wrapper(...), colorSpace='rgb', contrast=None, depth=-6.0, draggable=False, fillColor=array([ 1, -1, -1]), fillColorSpace='rgb', fillRGB=array([ 1, -1, -1]), interpolate=True, lineColor=array([ 1., -1., -1.]), lineColorSpace='rgb', lineRGB=array([ 1, -1, -1]), lineWidth=1.0, name='unnamed ShapeStim', opacity=1.0, ori=0.0, pos=array([0., 0.]), size=array([0.003, 0.003]), units='height', vertices=ndarray(...), win=Window(...), windingRule=None)
16.6994 	EXP 	window1: mouseVisible = True
16.7040 	EXP 	Created unnamed ShapeStim = ShapeStim(__class__=<class 'psychopy.visual.shape.ShapeStim'>, anchor=('center', 'center'), autoDraw=False, autoLog=True, closeShape=True, color=method-wrapper(...), colorSpace='rgb', contrast=None, depth=-6.0, draggable=False, fillColor=array([ 1, -1, -1]), fillColorSpace='rgb', fillRGB=array([ 1, -1, -1]), interpolate=True, lineColor=array([ 1., -1., -1.]), lineColorSpace='rgb', lineRGB=array([ 1, -1, -1]), lineWidth=1.0, name='unnamed ShapeStim', opacity=1.0, ori=0.0, pos=array([0., 0.]), size=array([0.003, 0.003]), units='height', vertices=ndarray(...), win=Window(...), windingRule=None)
16.7042 	EXP 	window1: mouseVisible = True
16.7042 	EXP 	Created None = <__main__.Brush object at 0x7f837367d2b0>
16.7042 	INFO 	Mouse: using default window
16.7043 	EXP 	window1: mouseVisible = True
16.7043 	INFO 	Mouse: using default window
16.7043 	EXP 	window1: mouseVisible = True
16.7045 	EXP 	window1: mouseVisible = True
16.7046 	EXP 	window1: mouseVisible = True
16.7053 	EXP 	window1: mouseVisible = True
16.7060 	EXP 	window1: mouseVisible = True
16.7107 	DEBUG 	TextBox2 loaded 1 chars with 0 blanks and 1 valid
16.7116 	DEBUG 	TextBox2 loaded 1 chars with 0 blanks and 1 valid
16.7123 	DEBUG 	TextBox2 loaded 1 chars with 0 blanks and 1 valid
16.7129 	DEBUG 	TextBox2 loaded 1 chars with 0 blanks and 1 valid
16.7138 	DEBUG 	TextBox2 loaded 1 chars with 0 blanks and 1 valid
16.7143 	DEBUG 	TextBox2 loaded 1 chars with 0 blanks and 1 valid
16.7147 	DEBUG 	TextBox2 loaded 1 chars with 0 blanks and 1 valid
16.7155 	DEBUG 	TextBox2 loaded 1 chars with 0 blanks and 1 valid
16.7160 	DEBUG 	Uploading Texture Font fontname to graphics card
16.7195 	DEBUG 	Upload of Texture Font fontname complete
16.7261 	EXP 	window1: mouseVisible = True
16.7263 	EXP 	window1: mouseVisible = True
16.7271 	EXP 	window1: mouseVisible = True
16.7278 	EXP 	window1: mouseVisible = True
16.7351 	EXP 	window1: mouseVisible = True
16.7351 	EXP 	Created None = <__main__.Brush2 object at 0x7f8373660700>
16.7352 	EXP 	window1: mouseVisible = True
16.7401 	EXP 	Created targ_top_right = ShapeStim(__class__=<class 'psychopy.visual.shape.ShapeStim'>, anchor=('center', 'center'), autoDraw=False, autoLog=True, closeShape=True, color=method-wrapper(...), colorSpace='rgb', contrast=None, depth=0.0, draggable=False, fillColor=array([-1, -1,  1]), fillColorSpace='rgb', fillRGB=array([-1, -1,  1]), interpolate=True, lineColor=array([-1., -1., -1.]), lineColorSpace='rgb', lineRGB=array([-1, -1, -1]), lineWidth=1.0, name='targ_top_right', opacity=1.0, ori=0.0, pos=array([0.3, 0.3]), size=array([0.2, 0.2]), units='height', vertices=ndarray(...), win=Window(...), windingRule=None)
16.7403 	EXP 	window1: mouseVisible = True
16.7449 	EXP 	Created targ_mid_right = ShapeStim(__class__=<class 'psychopy.visual.shape.ShapeStim'>, anchor=('center', 'center'), autoDraw=False, autoLog=True, closeShape=True, color=method-wrapper(...), colorSpace='rgb', contrast=None, depth=-1.0, draggable=False, fillColor=array([-1, -1,  1]), fillColorSpace='rgb', fillRGB=array([-1, -1,  1]), interpolate=True, lineColor=array([-1., -1., -1.]), lineColorSpace='rgb', lineRGB=array([-1, -1, -1]), lineWidth=1.0, name='targ_mid_right', opacity=1.0, ori=0.0, pos=array([0.3, 0. ]), size=array([0.2, 0.2]), units='height', vertices=ndarray(...), win=Window(...), windingRule=None)
16.7451 	EXP 	window1: mouseVisible = True
16.7498 	EXP 	Created targ_bot_right = ShapeStim(__class__=<class 'psychopy.visual.shape.ShapeStim'>, anchor=('center', 'center'), autoDraw=False, autoLog=True, closeShape=True, color=method-wrapper(...), colorSpace='rgb', contrast=None, depth=-7.0, draggable=False, fillColor=array([-1, -1,  1]), fillColorSpace='rgb', fillRGB=array([-1, -1,  1]), interpolate=True, lineColor=array([-1., -1., -1.]), lineColorSpace='rgb', lineRGB=array([-1, -1, -1]), lineWidth=1.0, name='targ_bot_right', opacity=1.0, ori=0.0, pos=array([ 0.3, -0.3]), size=array([0.2, 0.2]), units='height', vertices=ndarray(...), win=Window(...), windingRule=None)
16.7499 	EXP 	window1: mouseVisible = True
16.7547 	EXP 	Created targ_bot_center = ShapeStim(__class__=<class 'psychopy.visual.shape.ShapeStim'>, anchor=('center', 'center'), autoDraw=False, autoLog=True, closeShape=True, color=method-wrapper(...), colorSpace='rgb', contrast=None, depth=-2.0, draggable=False, fillColor=array([-1, -1,  1]), fillColorSpace='rgb', fillRGB=array([-1, -1,  1]), interpolate=True, lineColor=array([-1., -1., -1.]), lineColorSpace='rgb', lineRGB=array([-1, -1, -1]), lineWidth=1.0, name='targ_bot_center', opacity=1.0, ori=0.0, pos=array([ 0. , -0.3]), size=array([0.2, 0.2]), units='height', vertices=ndarray(...), win=Window(...), windingRule=None)
16.7549 	EXP 	window1: mouseVisible = True
16.7595 	EXP 	Created targ_top_center = ShapeStim(__class__=<class 'psychopy.visual.shape.ShapeStim'>, anchor=('center', 'center'), autoDraw=False, autoLog=True, closeShape=True, color=method-wrapper(...), colorSpace='rgb', contrast=None, depth=-3.0, draggable=False, fillColor=array([-1, -1,  1]), fillColorSpace='rgb', fillRGB=array([-1, -1,  1]), interpolate=True, lineColor=array([-1., -1., -1.]), lineColorSpace='rgb', lineRGB=array([-1, -1, -1]), lineWidth=1.0, name='targ_top_center', opacity=1.0, ori=0.0, pos=array([0. , 0.3]), size=array([0.2, 0.2]), units='height', vertices=ndarray(...), win=Window(...), windingRule=None)
16.7596 	EXP 	window1: mouseVisible = True
16.7642 	EXP 	Created targ_top_left = ShapeStim(__class__=<class 'psychopy.visual.shape.ShapeStim'>, anchor=('center', 'center'), autoDraw=False, autoLog=True, closeShape=True, color=method-wrapper(...), colorSpace='rgb', contrast=None, depth=-4.0, draggable=False, fillColor=array([-1, -1,  1]), fillColorSpace='rgb', fillRGB=array([-1, -1,  1]), interpolate=True, lineColor=array([-1., -1., -1.]), lineColorSpace='rgb', lineRGB=array([-1, -1, -1]), lineWidth=1.0, name='targ_top_left', opacity=1.0, ori=0.0, pos=array([-0.3,  0.3]), size=array([0.2, 0.2]), units='height', vertices=ndarray(...), win=Window(...), windingRule=None)
16.7643 	EXP 	window1: mouseVisible = True
16.7689 	EXP 	Created targ_mid_left = ShapeStim(__class__=<class 'psychopy.visual.shape.ShapeStim'>, anchor=('center', 'center'), autoDraw=False, autoLog=True, closeShape=True, color=method-wrapper(...), colorSpace='rgb', contrast=None, depth=-5.0, draggable=False, fillColor=array([-1, -1,  1]), fillColorSpace='rgb', fillRGB=array([-1, -1,  1]), interpolate=True, lineColor=array([-1., -1., -1.]), lineColorSpace='rgb', lineRGB=array([-1, -1, -1]), lineWidth=1.0, name='targ_mid_left', opacity=1.0, ori=0.0, pos=array([-0.3,  0. ]), size=array([0.2, 0.2]), units='height', vertices=ndarray(...), win=Window(...), windingRule=None)
16.7690 	EXP 	window1: mouseVisible = True
16.7736 	EXP 	Created targ_bot_left = ShapeStim(__class__=<class 'psychopy.visual.shape.ShapeStim'>, anchor=('center', 'center'), autoDraw=False, autoLog=True, closeShape=True, color=method-wrapper(...), colorSpace='rgb', contrast=None, depth=-6.0, draggable=False, fillColor=array([-1, -1,  1]), fillColorSpace='rgb', fillRGB=array([-1, -1,  1]), interpolate=True, lineColor=array([-1., -1., -1.]), lineColorSpace='rgb', lineRGB=array([-1, -1, -1]), lineWidth=1.0, name='targ_bot_left', opacity=1.0, ori=0.0, pos=array([-0.3, -0.3]), size=array([0.2, 0.2]), units='height', vertices=ndarray(...), win=Window(...), windingRule=None)
0.0404 	EXP 	None: autoLog = True
0.0404 	EXP 	None: autoDraw = False
0.0404 	EXP 	None: autoLog = True
0.0404 	EXP 	None: autoDraw = False
0.0639 	WARNING 	t of last frame was 23.55ms (=1/42)
0.2526 	WARNING 	t of last frame was 24.00ms (=1/41)
0.3358 	WARNING 	Multiple dropped frames have occurred - I'll stop bothering you about them!
1.7494 	DATA 	Keypress: space
1.7667 	EXP 	Created sequence: random, trialTypes=1, nReps=5, seed=None
1.7671 	EXP 	New trial (rep=0, index=0): None
1.7753 	EXP 	unnamed ShapeStim: autoDraw = True
1.7753 	EXP 	unnamed ShapeStim: autoDraw = True
1.7753 	EXP 	unnamed ShapeStim: autoDraw = True
1.7753 	EXP 	targ_top_center: autoDraw = True
1.7753 	EXP 	None: autoDraw = True
1.7856 	EXP 	None: autoDraw = True
1.7959 	EXP 	None: autoDraw = True
1.8063 	EXP 	None: autoDraw = True
1.8191 	EXP 	None: autoDraw = True
1.8292 	EXP 	None: autoDraw = True
1.8395 	EXP 	None: autoDraw = True
1.8524 	EXP 	None: autoDraw = True
1.8628 	EXP 	None: autoDraw = True
1.8735 	EXP 	None: autoDraw = True
1.8855 	EXP 	None: autoDraw = True
1.8951 	EXP 	None: autoDraw = True
1.9192 	EXP 	None: autoDraw = True
1.9357 	EXP 	None: autoDraw = True
1.9458 	EXP 	None: autoDraw = True
1.9562 	EXP 	None: autoDraw = True
1.9691 	EXP 	None: autoDraw = True
1.9793 	EXP 	None: autoDraw = True
1.9895 	EXP 	None: autoDraw = True
2.0024 	EXP 	None: autoDraw = True
2.0125 	EXP 	None: autoDraw = True
2.0230 	EXP 	None: autoDraw = True
2.0357 	EXP 	None: autoDraw = True
2.0460 	EXP 	None: autoDraw = True
2.0563 	EXP 	None: autoDraw = True
2.0689 	EXP 	None: autoDraw = True
2.0798 	EXP 	None: autoDraw = True
2.0903 	EXP 	None: autoDraw = True
2.1022 	EXP 	None: autoDraw = True
2.1128 	EXP 	None: autoDraw = True
2.1236 	EXP 	None: autoDraw = True
2.1356 	EXP 	None: autoDraw = True
2.1460 	EXP 	None: autoDraw = True
2.1567 	EXP 	None: autoDraw = True
2.1689 	EXP 	None: autoDraw = True
2.1793 	EXP 	None: autoDraw = True
2.1901 	EXP 	None: autoDraw = True
2.2022 	EXP 	None: autoDraw = True
2.2130 	EXP 	None: autoDraw = True
2.2233 	EXP 	None: autoDraw = True
2.2356 	EXP 	None: autoDraw = True
2.2459 	EXP 	None: autoDraw = True
2.2566 	EXP 	None: autoDraw = True
2.2689 	EXP 	None: autoDraw = True
2.2793 	EXP 	None: autoDraw = True
2.2901 	EXP 	None: autoDraw = True
2.3022 	EXP 	None: autoDraw = True
2.3126 	EXP 	None: autoDraw = True
2.3238 	EXP 	None: autoDraw = True
2.3355 	EXP 	None: autoDraw = True
2.3461 	EXP 	None: autoDraw = True
2.3569 	EXP 	None: autoDraw = True
2.3688 	EXP 	None: autoDraw = True
2.3794 	EXP 	None: autoDraw = True
2.3901 	EXP 	None: autoDraw = True
2.4022 	EXP 	None: autoDraw = True
2.4127 	EXP 	None: autoDraw = True
2.4236 	EXP 	None: autoDraw = True
2.4357 	EXP 	None: autoDraw = True
2.4463 	EXP 	None: autoDraw = True
2.4572 	EXP 	None: autoDraw = True
2.4688 	EXP 	None: autoDraw = True
2.4792 	EXP 	None: autoDraw = True
2.4902 	EXP 	None: autoDraw = True
2.5022 	EXP 	None: autoDraw = True
2.5125 	EXP 	None: autoDraw = True
2.5231 	EXP 	None: autoDraw = True
2.5355 	EXP 	None: autoDraw = True
2.5459 	EXP 	None: autoDraw = True
2.5563 	EXP 	None: autoDraw = True
2.5689 	EXP 	None: autoDraw = True
2.5790 	EXP 	None: autoDraw = True
2.5893 	EXP 	None: autoDraw = True
2.6024 	EXP 	None: autoDraw = True
2.6126 	EXP 	None: autoDraw = True
2.6230 	EXP 	None: autoDraw = True
2.6357 	EXP 	None: autoDraw = True
2.6458 	EXP 	None: autoDraw = True
2.6561 	EXP 	None: autoDraw = True
2.6691 	EXP 	None: autoDraw = True
2.6792 	EXP 	None: autoDraw = True
2.6896 	EXP 	None: autoDraw = True
2.7024 	EXP 	None: autoDraw = True
2.7125 	EXP 	None: autoDraw = True
2.7232 	EXP 	None: autoDraw = True
2.7357 	EXP 	None: autoDraw = True
2.7457 	EXP 	None: autoDraw = True
2.7559 	EXP 	None: autoDraw = True
2.7691 	EXP 	None: autoDraw = True
2.7788 	EXP 	None: autoDraw = True
2.8028 	EXP 	None: autoDraw = True
2.8191 	EXP 	None: autoDraw = True
2.8290 	EXP 	None: autoDraw = True
2.8394 	EXP 	None: autoDraw = True
2.8524 	EXP 	None: autoDraw = True
2.8571 	DATA 	Mouse: Left button down, pos=(514,386)
2.8574 	EXP 	Resetting None parameter: brushPos.
2.8574 	EXP 	Creating ShapeStim for None
2.8576 	EXP 	window1: mouseVisible = True
2.8664 	EXP 	None: autoDraw = True
2.8771 	EXP 	None: autoDraw = True
2.8882 	EXP 	None: autoDraw = True
2.8990 	EXP 	None: autoDraw = True
2.9093 	EXP 	None: autoDraw = True
2.9204 	EXP 	None: autoDraw = True
2.9310 	EXP 	None: autoDraw = True
2.9413 	EXP 	None: autoDraw = True
2.9522 	EXP 	None: autoDraw = True
2.9628 	EXP 	None: autoDraw = True
2.9736 	EXP 	None: autoDraw = True
2.9857 	EXP 	None: autoDraw = True
2.9965 	EXP 	None: autoDraw = True
3.0074 	EXP 	None: autoDraw = True
3.0189 	EXP 	None: autoDraw = True
3.0303 	EXP 	None: autoDraw = True
3.0405 	EXP 	None: autoDraw = True
3.0522 	EXP 	None: autoDraw = True
3.0632 	EXP 	None: autoDraw = True
3.0738 	EXP 	None: autoDraw = True
3.0857 	EXP 	None: autoDraw = True
3.0969 	EXP 	None: autoDraw = True
3.1076 	EXP 	None: autoDraw = True
3.1189 	EXP 	None: autoDraw = True
3.1302 	EXP 	None: autoDraw = True
3.1412 	EXP 	None: autoDraw = True
3.1526 	EXP 	None: autoDraw = True
3.1638 	EXP 	None: autoDraw = True
3.1742 	EXP 	None: autoDraw = True
3.1855 	EXP 	None: autoDraw = True
3.1969 	EXP 	None: autoDraw = True
3.2077 	EXP 	None: autoDraw = True
3.2189 	EXP 	None: autoDraw = True
3.2298 	EXP 	None: autoDraw = True
3.2407 	EXP 	None: autoDraw = True
3.2522 	EXP 	None: autoDraw = True
3.2629 	EXP 	None: autoDraw = True
3.2738 	EXP 	None: autoDraw = True
3.2855 	EXP 	None: autoDraw = True
3.2967 	EXP 	None: autoDraw = True
3.3069 	EXP 	None: autoDraw = True
3.3189 	EXP 	None: autoDraw = True
3.3300 	EXP 	None: autoDraw = True
3.3404 	EXP 	None: autoDraw = True
3.3522 	EXP 	None: autoDraw = True
3.3630 	EXP 	None: autoDraw = True
3.3743 	EXP 	None: autoDraw = True
3.3857 	EXP 	None: autoDraw = True
3.3899 	DATA 	Mouse:  Left button up, pos=(508,580)
3.7561 	EXP 	None: autoDraw = True
3.7672 	EXP 	None: autoDraw = True
3.7698 	EXP 	Resetting None
3.7705 	EXP 	New trial (rep=1, index=0): None
3.7782 	EXP 	unnamed ShapeStim: autoDraw = False
3.7782 	EXP 	unnamed ShapeStim: autoDraw = False
3.7782 	EXP 	unnamed ShapeStim: autoDraw = False
3.7782 	EXP 	None: autoDraw = False
3.7782 	EXP 	targ_top_center: autoDraw = False
3.7782 	EXP 	unnamed ShapeStim: autoDraw = True
3.7782 	EXP 	unnamed ShapeStim: autoDraw = True
3.7782 	EXP 	unnamed ShapeStim: autoDraw = True
3.7782 	EXP 	targ_top_right: autoDraw = True
3.7782 	EXP 	None: autoDraw = True
3.7939 	EXP 	None: autoDraw = True
3.8194 	EXP 	None: autoDraw = True
3.8358 	EXP 	None: autoDraw = True
3.8463 	EXP 	None: autoDraw = True
3.8568 	EXP 	None: autoDraw = True
3.8689 	EXP 	None: autoDraw = True
3.8794 	EXP 	None: autoDraw = True
3.8901 	EXP 	None: autoDraw = True
3.9023 	EXP 	None: autoDraw = True
3.9129 	EXP 	None: autoDraw = True
3.9241 	EXP 	None: autoDraw = True
3.9356 	EXP 	None: autoDraw = True
3.9464 	EXP 	None: autoDraw = True
3.9569 	EXP 	None: autoDraw = True
3.9689 	EXP 	None: autoDraw = True
3.9797 	EXP 	None: autoDraw = True
3.9905 	EXP 	None: autoDraw = True
4.0023 	EXP 	None: autoDraw = True
4.0128 	EXP 	None: autoDraw = True
4.0233 	EXP 	None: autoDraw = True
4.0356 	EXP 	None: autoDraw = True
4.0462 	EXP 	None: autoDraw = True
4.0571 	EXP 	None: autoDraw = True
4.0690 	EXP 	None: autoDraw = True
4.0798 	EXP 	None: autoDraw = True
4.0906 	EXP 	None: autoDraw = True
4.1022 	EXP 	None: autoDraw = True
4.1130 	EXP 	None: autoDraw = True
4.1234 	EXP 	None: autoDraw = True
4.1355 	EXP 	None: autoDraw = True
4.1461 	EXP 	None: autoDraw = True
4.1564 	EXP 	None: autoDraw = True
4.1690 	EXP 	None: autoDraw = True
4.1793 	EXP 	None: autoDraw = True
4.1896 	EXP 	None: autoDraw = True
4.2024 	EXP 	None: autoDraw = True
4.2121 	EXP 	None: autoDraw = True
4.2360 	EXP 	None: autoDraw = True
4.2525 	EXP 	None: autoDraw = True
4.2633 	EXP 	None: autoDraw = True
4.2740 	EXP 	None: autoDraw = True
4.2856 	EXP 	None: autoDraw = True
4.2960 	EXP 	None: autoDraw = True
4.3068 	EXP 	None: autoDraw = True
4.3189 	EXP 	None: autoDraw = True
4.3289 	EXP 	None: autoDraw = True
4.3394 	EXP 	None: autoDraw = True
4.3525 	EXP 	None: autoDraw = True
4.3625 	EXP 	None: autoDraw = True
4.3728 	EXP 	None: autoDraw = True
4.3858 	EXP 	None: autoDraw = True
4.3963 	EXP 	None: autoDraw = True
4.4065 	EXP 	None: autoDraw = True
4.4191 	EXP 	None: autoDraw = True
4.4292 	EXP 	None: autoDraw = True
4.4396 	EXP 	None: autoDraw = True
4.4524 	EXP 	None: autoDraw = True
4.4623 	EXP 	None: autoDraw = True
4.4729 	EXP 	None: autoDraw = True
4.4859 	EXP 	None: autoDraw = True
4.4909 	DATA 	Mouse: Left button down, pos=(516,379)
4.4913 	EXP 	Resetting None parameter: brushPos.
4.4913 	EXP 	Creating ShapeStim for None
4.4915 	EXP 	window1: mouseVisible = True
4.4987 	EXP 	None: autoDraw = True
4.5093 	EXP 	None: autoDraw = True
4.5207 	EXP 	None: autoDraw = True
4.5313 	EXP 	None: autoDraw = True
4.5419 	EXP 	None: autoDraw = True
4.5529 	EXP 	None: autoDraw = True
4.5635 	EXP 	None: autoDraw = True
4.5744 	EXP 	None: autoDraw = True
4.5856 	EXP 	None: autoDraw = True
4.5969 	EXP 	None: autoDraw = True
4.6077 	EXP 	None: autoDraw = True
4.6190 	EXP 	None: autoDraw = True
4.6300 	EXP 	None: autoDraw = True
4.6412 	EXP 	None: autoDraw = True
4.6525 	EXP 	None: autoDraw = True
4.6633 	EXP 	None: autoDraw = True
4.6741 	EXP 	None: autoDraw = True
4.6870 	EXP 	None: autoDraw = True
4.6991 	EXP 	None: autoDraw = True
4.7106 	EXP 	None: autoDraw = True
4.7233 	EXP 	None: autoDraw = True
4.7358 	EXP 	None: autoDraw = True
4.7480 	EXP 	None: autoDraw = True
4.7599 	EXP 	None: autoDraw = True
4.7731 	EXP 	None: autoDraw = True
4.7856 	EXP 	None: autoDraw = True
4.7977 	EXP 	None: autoDraw = True
4.8090 	EXP 	None: autoDraw = True
4.8217 	EXP 	None: autoDraw = True
4.8341 	EXP 	None: autoDraw = True
4.8460 	EXP 	None: autoDraw = True
4.8582 	EXP 	None: autoDraw = True
4.8708 	EXP 	None: autoDraw = True
4.8830 	EXP 	None: autoDraw = True
4.8948 	EXP 	None: autoDraw = True
4.9073 	EXP 	None: autoDraw = True
4.9202 	EXP 	None: autoDraw = True
4.9319 	EXP 	None: autoDraw = True
4.9439 	EXP 	None: autoDraw = True
4.9569 	EXP 	None: autoDraw = True
4.9709 	EXP 	None: autoDraw = True
4.9837 	EXP 	None: autoDraw = True
4.9968 	EXP 	None: autoDraw = True
5.0084 	EXP 	None: autoDraw = True
5.0205 	EXP 	None: autoDraw = True
5.0333 	EXP 	None: autoDraw = True
5.0453 	EXP 	None: autoDraw = True
5.0576 	EXP 	None: autoDraw = True
5.0706 	EXP 	None: autoDraw = True
5.0744 	DATA 	Mouse:  Left button up, pos=(730,586)
5.0831 	EXP 	None: autoDraw = True
5.0860 	EXP 	Resetting None
5.0867 	EXP 	New trial (rep=2, index=0): None
5.0952 	EXP 	unnamed ShapeStim: autoDraw = False
5.0952 	EXP 	unnamed ShapeStim: autoDraw = False
5.0952 	EXP 	unnamed ShapeStim: autoDraw = False
5.0952 	EXP 	None: autoDraw = False
5.0952 	EXP 	targ_top_right: autoDraw = False
5.0952 	EXP 	unnamed ShapeStim: autoDraw = True
5.0952 	EXP 	unnamed ShapeStim: autoDraw = True
5.0952 	EXP 	unnamed ShapeStim: autoDraw = True
5.0952 	EXP 	targ_bot_left: autoDraw = True
5.0952 	EXP 	None: autoDraw = True
5.1080 	EXP 	None: autoDraw = True
5.1213 	EXP 	None: autoDraw = True
5.1337 	EXP 	None: autoDraw = True
5.1928 	EXP 	None: autoDraw = True
5.2055 	EXP 	None: autoDraw = True
5.2178 	EXP 	None: autoDraw = True
5.2298 	EXP 	None: autoDraw = True
5.2424 	EXP 	None: autoDraw = True
5.2694 	EXP 	None: autoDraw = True
5.2862 	EXP 	None: autoDraw = True
5.2984 	EXP 	None: autoDraw = True
5.3106 	EXP 	None: autoDraw = True
5.3363 	EXP 	None: autoDraw = True
5.3479 	EXP 	None: autoDraw = True
5.3598 	EXP 	None: autoDraw = True
5.3706 	EXP 	None: autoDraw = True
5.3824 	EXP 	None: autoDraw = True
5.3934 	EXP 	None: autoDraw = True
5.4050 	EXP 	None: autoDraw = True
5.4161 	EXP 	None: autoDraw = True
5.4273 	EXP 	None: autoDraw = True
5.4386 	EXP 	None: autoDraw = True
5.4491 	EXP 	None: autoDraw = True
5.4599 	EXP 	None: autoDraw = True
5.4709 	EXP 	None: autoDraw = True
5.4816 	EXP 	None: autoDraw = True
5.4919 	EXP 	None: autoDraw = True
5.5022 	EXP 	None: autoDraw = True
5.5123 	EXP 	None: autoDraw = True
5.5227 	EXP 	None: autoDraw = True
5.5358 	EXP 	None: autoDraw = True
5.5455 	EXP 	None: autoDraw = True
5.5565 	EXP 	None: autoDraw = True
5.5689 	EXP 	None: autoDraw = True
5.5798 	EXP 	None: autoDraw = True
5.5908 	EXP 	None: autoDraw = True
5.6023 	EXP 	None: autoDraw = True
5.6126 	EXP 	None: autoDraw = True
5.6234 	EXP 	None: autoDraw = True
5.6357 	EXP 	None: autoDraw = True
5.6462 	EXP 	None: autoDraw = True
5.6569 	EXP 	None: autoDraw = True
5.6689 	EXP 	None: autoDraw = True
5.6798 	EXP 	None: autoDraw = True
5.6904 	EXP 	None: autoDraw = True
5.7022 	EXP 	None: autoDraw = True
5.7132 	EXP 	None: autoDraw = True
5.7246 	EXP 	None: autoDraw = True
5.7356 	EXP 	None: autoDraw = True
5.7464 	EXP 	None: autoDraw = True
5.7569 	EXP 	None: autoDraw = True
5.7690 	EXP 	None: autoDraw = True
5.7802 	EXP 	None: autoDraw = True
5.7912 	EXP 	None: autoDraw = True
5.8023 	EXP 	None: autoDraw = True
5.8127 	EXP 	None: autoDraw = True
5.8238 	EXP 	None: autoDraw = True
5.8356 	EXP 	None: autoDraw = True
5.8456 	EXP 	None: autoDraw = True
5.8564 	EXP 	None: autoDraw = True
5.8689 	EXP 	None: autoDraw = True
5.8792 	EXP 	None: autoDraw = True
5.8897 	EXP 	None: autoDraw = True
5.9022 	EXP 	None: autoDraw = True
5.9127 	EXP 	None: autoDraw = True
5.9233 	EXP 	None: autoDraw = True
5.9356 	EXP 	None: autoDraw = True
5.9462 	EXP 	None: autoDraw = True
5.9574 	EXP 	None: autoDraw = True
5.9690 	EXP 	None: autoDraw = True
5.9803 	EXP 	None: autoDraw = True
5.9903 	EXP 	None: autoDraw = True
6.0022 	EXP 	None: autoDraw = True
6.0132 	EXP 	None: autoDraw = True
6.0240 	EXP 	None: autoDraw = True
6.0355 	EXP 	None: autoDraw = True
6.0454 	EXP 	None: autoDraw = True
6.0695 	EXP 	None: autoDraw = True
6.0858 	EXP 	None: autoDraw = True
6.0957 	EXP 	None: autoDraw = True
6.1065 	EXP 	None: autoDraw = True
6.1192 	EXP 	None: autoDraw = True
6.1294 	EXP 	None: autoDraw = True
6.1400 	EXP 	None: autoDraw = True
6.1525 	EXP 	None: autoDraw = True
6.1626 	EXP 	None: autoDraw = True
6.1729 	EXP 	None: autoDraw = True
6.1858 	EXP 	None: autoDraw = True
6.1902 	DATA 	Mouse: Left button down, pos=(514,385)
6.1907 	EXP 	Resetting None parameter: brushPos.
6.1907 	EXP 	Creating ShapeStim for None
6.1909 	EXP 	window1: mouseVisible = True
6.1990 	EXP 	None: autoDraw = True
6.2095 	EXP 	None: autoDraw = True
6.2202 	EXP 	None: autoDraw = True
6.2310 	EXP 	None: autoDraw = True
6.2415 	EXP 	None: autoDraw = True
6.2523 	EXP 	None: autoDraw = True
6.2632 	EXP 	None: autoDraw = True
6.2743 	EXP 	None: autoDraw = True
6.2856 	EXP 	None: autoDraw = True
6.2963 	EXP 	None: autoDraw = True
6.3073 	EXP 	None: autoDraw = True
6.3189 	EXP 	None: autoDraw = True
6.3296 	EXP 	None: autoDraw = True
6.3439 	EXP 	None: autoDraw = True
6.3553 	EXP 	None: autoDraw = True
6.3660 	EXP 	None: autoDraw = True
6.3767 	EXP 	None: autoDraw = True
6.3879 	EXP 	None: autoDraw = True
6.3991 	EXP 	None: autoDraw = True
6.4098 	EXP 	None: autoDraw = True
6.4215 	EXP 	None: autoDraw = True
6.4327 	EXP 	None: autoDraw = True
6.4437 	EXP 	None: autoDraw = True
6.4551 	EXP 	None: autoDraw = True
6.4660 	EXP 	None: autoDraw = True
6.4771 	EXP 	None: autoDraw = True
6.4912 	EXP 	None: autoDraw = True
6.5027 	EXP 	None: autoDraw = True
6.5141 	EXP 	None: autoDraw = True
6.5246 	EXP 	None: autoDraw = True
6.5359 	EXP 	None: autoDraw = True
6.5473 	EXP 	None: autoDraw = True
6.5577 	EXP 	None: autoDraw = True
6.5689 	EXP 	None: autoDraw = True
6.5800 	EXP 	None: autoDraw = True
6.5904 	EXP 	None: autoDraw = True
6.6023 	EXP 	None: autoDraw = True
6.6136 	EXP 	None: autoDraw = True
6.6283 	EXP 	None: autoDraw = True
6.6402 	EXP 	None: autoDraw = True
6.6527 	EXP 	None: autoDraw = True
6.6646 	EXP 	None: autoDraw = True
6.6752 	EXP 	None: autoDraw = True
6.6871 	EXP 	None: autoDraw = True
6.6984 	EXP 	None: autoDraw = True
6.7090 	EXP 	None: autoDraw = True
6.7207 	EXP 	None: autoDraw = True
6.7321 	EXP 	None: autoDraw = True
6.7427 	EXP 	None: autoDraw = True
6.7544 	EXP 	None: autoDraw = True
6.7655 	EXP 	None: autoDraw = True
6.7764 	EXP 	None: autoDraw = True
6.7879 	EXP 	None: autoDraw = True
6.7987 	EXP 	None: autoDraw = True
6.8094 	EXP 	None: autoDraw = True
6.8200 	EXP 	None: autoDraw = True
6.8307 	EXP 	None: autoDraw = True
6.8414 	EXP 	None: autoDraw = True
6.8446 	DATA 	Mouse:  Left button up, pos=(296,142)
6.8532 	EXP 	None: autoDraw = True
6.8559 	EXP 	Resetting None
6.8566 	EXP 	New trial (rep=3, index=0): None
6.8643 	EXP 	unnamed ShapeStim: autoDraw = False
6.8643 	EXP 	unnamed ShapeStim: autoDraw = False
6.8643 	EXP 	unnamed ShapeStim: autoDraw = False
6.8643 	EXP 	None: autoDraw = False
6.8643 	EXP 	targ_bot_left: autoDraw = False
6.8643 	EXP 	unnamed ShapeStim: autoDraw = True
6.8643 	EXP 	unnamed ShapeStim: autoDraw = True
6.8643 	EXP 	unnamed ShapeStim: autoDraw = True
6.8643 	EXP 	targ_mid_left: autoDraw = True
6.8643 	EXP 	None: autoDraw = True
6.8748 	EXP 	None: autoDraw = True
6.8856 	EXP 	None: autoDraw = True
6.8956 	EXP 	None: autoDraw = True
6.9061 	EXP 	None: autoDraw = True
6.9197 	EXP 	None: autoDraw = True
6.9296 	EXP 	None: autoDraw = True
6.9401 	EXP 	None: autoDraw = True
6.9524 	EXP 	None: autoDraw = True
6.9641 	EXP 	None: autoDraw = True
6.9765 	EXP 	None: autoDraw = True
6.9887 	EXP 	None: autoDraw = True
7.0001 	EXP 	None: autoDraw = True
7.0115 	EXP 	None: autoDraw = True
7.0235 	EXP 	None: autoDraw = True
7.0359 	EXP 	None: autoDraw = True
7.0477 	EXP 	None: autoDraw = True
7.0594 	EXP 	None: autoDraw = True
7.0706 	EXP 	None: autoDraw = True
7.0820 	EXP 	None: autoDraw = True
7.0940 	EXP 	None: autoDraw = True
7.1193 	EXP 	None: autoDraw = True
7.1359 	EXP 	None: autoDraw = True
7.1466 	EXP 	None: autoDraw = True
7.1584 	EXP 	None: autoDraw = True
7.1709 	EXP 	None: autoDraw = True
7.1820 	EXP 	None: autoDraw = True
7.1926 	EXP 	None: autoDraw = True
7.2043 	EXP 	None: autoDraw = True
7.2151 	EXP 	None: autoDraw = True
7.2257 	EXP 	None: autoDraw = True
7.2365 	EXP 	None: autoDraw = True
7.2471 	EXP 	None: autoDraw = True
7.2571 	EXP 	None: autoDraw = True
7.2691 	EXP 	None: autoDraw = True
7.2799 	EXP 	None: autoDraw = True
7.2905 	EXP 	None: autoDraw = True
7.3025 	EXP 	None: autoDraw = True
7.3135 	EXP 	None: autoDraw = True
7.3241 	EXP 	None: autoDraw = True
7.3356 	EXP 	None: autoDraw = True
7.3467 	EXP 	None: autoDraw = True
7.3575 	EXP 	None: autoDraw = True
7.3690 	EXP 	None: autoDraw = True
7.3795 	EXP 	None: autoDraw = True
7.3904 	EXP 	None: autoDraw = True
7.4023 	EXP 	None: autoDraw = True
7.4125 	EXP 	None: autoDraw = True
7.4234 	EXP 	None: autoDraw = True
7.4356 	EXP 	None: autoDraw = True
7.4464 	EXP 	None: autoDraw = True
7.4574 	EXP 	None: autoDraw = True
7.4748 	EXP 	None: autoDraw = True
7.4870 	EXP 	None: autoDraw = True
7.4984 	EXP 	None: autoDraw = True
7.5083 	EXP 	None: autoDraw = True
7.5190 	EXP 	None: autoDraw = True
7.5288 	EXP 	None: autoDraw = True
7.5395 	EXP 	None: autoDraw = True
7.5525 	EXP 	None: autoDraw = True
7.5626 	EXP 	None: autoDraw = True
7.5731 	EXP 	None: autoDraw = True
7.5859 	EXP 	None: autoDraw = True
7.5959 	EXP 	None: autoDraw = True
7.6066 	EXP 	None: autoDraw = True
7.6191 	EXP 	None: autoDraw = True
7.6302 	EXP 	None: autoDraw = True
7.6408 	EXP 	None: autoDraw = True
7.6523 	EXP 	None: autoDraw = True
7.6630 	EXP 	None: autoDraw = True
7.6739 	EXP 	None: autoDraw = True
7.6857 	EXP 	None: autoDraw = True
7.6963 	EXP 	None: autoDraw = True
7.7071 	EXP 	None: autoDraw = True
7.7189 	EXP 	None: autoDraw = True
7.7299 	EXP 	None: autoDraw = True
7.7407 	EXP 	None: autoDraw = True
7.7523 	EXP 	None: autoDraw = True
7.7638 	EXP 	None: autoDraw = True
7.7744 	EXP 	None: autoDraw = True
7.7856 	EXP 	None: autoDraw = True
7.7961 	EXP 	None: autoDraw = True
7.8070 	EXP 	None: autoDraw = True
7.8190 	EXP 	None: autoDraw = True
7.8295 	EXP 	None: autoDraw = True
7.8407 	EXP 	None: autoDraw = True
7.8523 	EXP 	None: autoDraw = True
7.8624 	EXP 	None: autoDraw = True
7.8732 	EXP 	None: autoDraw = True
7.8859 	EXP 	None: autoDraw = True
7.8959 	EXP 	None: autoDraw = True
7.9063 	EXP 	None: autoDraw = True
7.9191 	EXP 	None: autoDraw = True
7.9292 	EXP 	None: autoDraw = True
7.9396 	EXP 	None: autoDraw = True
7.9525 	EXP 	None: autoDraw = True
7.9627 	EXP 	None: autoDraw = True
7.9731 	EXP 	None: autoDraw = True
7.9858 	EXP 	None: autoDraw = True
7.9959 	EXP 	None: autoDraw = True
8.0065 	EXP 	None: autoDraw = True
8.0192 	EXP 	None: autoDraw = True
8.0238 	DATA 	Mouse: Left button down, pos=(515,379)
8.0242 	EXP 	Resetting None parameter: brushPos.
8.0242 	EXP 	Creating ShapeStim for None
8.0243 	EXP 	window1: mouseVisible = True
8.0323 	EXP 	None: autoDraw = True
8.0432 	EXP 	None: autoDraw = True
8.0545 	EXP 	None: autoDraw = True
8.0652 	EXP 	None: autoDraw = True
8.0757 	EXP 	None: autoDraw = True
8.0869 	EXP 	None: autoDraw = True
8.0975 	EXP 	None: autoDraw = True
8.1084 	EXP 	None: autoDraw = True
8.1193 	EXP 	None: autoDraw = True
8.1299 	EXP 	None: autoDraw = True
8.1422 	EXP 	None: autoDraw = True
8.1536 	EXP 	None: autoDraw = True
8.1642 	EXP 	None: autoDraw = True
8.1750 	EXP 	None: autoDraw = True
8.1859 	EXP 	None: autoDraw = True
8.1968 	EXP 	None: autoDraw = True
8.2078 	EXP 	None: autoDraw = True
8.2191 	EXP 	None: autoDraw = True
8.2304 	EXP 	None: autoDraw = True
8.2443 	EXP 	None: autoDraw = True
8.2602 	EXP 	None: autoDraw = True
8.2742 	EXP 	None: autoDraw = True
8.2867 	EXP 	None: autoDraw = True
8.2985 	EXP 	None: autoDraw = True
8.3097 	EXP 	None: autoDraw = True
8.3217 	EXP 	None: autoDraw = True
8.3333 	EXP 	None: autoDraw = True
8.3444 	EXP 	None: autoDraw = True
8.3561 	EXP 	None: autoDraw = True
8.3692 	EXP 	None: autoDraw = True
8.3809 	EXP 	None: autoDraw = True
8.3916 	EXP 	None: autoDraw = True
8.4033 	EXP 	None: autoDraw = True
8.4147 	EXP 	None: autoDraw = True
8.4254 	EXP 	None: autoDraw = True
8.4370 	EXP 	None: autoDraw = True
8.4482 	EXP 	None: autoDraw = True
8.4592 	EXP 	None: autoDraw = True
8.4709 	EXP 	None: autoDraw = True
8.4820 	EXP 	None: autoDraw = True
8.4930 	EXP 	None: autoDraw = True
8.5050 	EXP 	None: autoDraw = True
8.5163 	EXP 	None: autoDraw = True
8.5276 	EXP 	None: autoDraw = True
8.5308 	DATA 	Mouse:  Left button up, pos=(270,393)
8.5394 	EXP 	None: autoDraw = True
8.5421 	EXP 	Resetting None
8.5427 	EXP 	New trial (rep=4, index=0): None
8.5524 	EXP 	unnamed ShapeStim: autoDraw = False
8.5524 	EXP 	unnamed ShapeStim: autoDraw = False
8.5524 	EXP 	unnamed ShapeStim: autoDraw = False
8.5524 	EXP 	None: autoDraw = False
8.5524 	EXP 	targ_mid_left: autoDraw = False
8.5524 	EXP 	unnamed ShapeStim: autoDraw = True
8.5524 	EXP 	unnamed ShapeStim: autoDraw = True
8.5524 	EXP 	unnamed ShapeStim: autoDraw = True
8.5524 	EXP 	targ_bot_right: autoDraw = True
8.5524 	EXP 	None: autoDraw = True
8.5623 	EXP 	None: autoDraw = True
8.5729 	EXP 	None: autoDraw = True
8.5859 	EXP 	None: autoDraw = True
8.5960 	EXP 	None: autoDraw = True
8.6064 	EXP 	None: autoDraw = True
8.6192 	EXP 	None: autoDraw = True
8.6291 	EXP 	None: autoDraw = True
8.6397 	EXP 	None: autoDraw = True
8.6525 	EXP 	None: autoDraw = True
8.6628 	EXP 	None: autoDraw = True
8.6733 	EXP 	None: autoDraw = True
8.6861 	EXP 	None: autoDraw = True
8.6976 	EXP 	None: autoDraw = True
8.7106 	EXP 	None: autoDraw = True
8.7361 	EXP 	None: autoDraw = True
8.7527 	EXP 	None: autoDraw = True
8.7648 	EXP 	None: autoDraw = True
8.7766 	EXP 	None: autoDraw = True
8.8029 	EXP 	None: autoDraw = True
8.8196 	EXP 	None: autoDraw = True
8.8311 	EXP 	None: autoDraw = True
8.8432 	EXP 	None: autoDraw = True
8.8548 	EXP 	None: autoDraw = True
8.8661 	EXP 	None: autoDraw = True
8.8777 	EXP 	None: autoDraw = True
8.9028 	EXP 	None: autoDraw = True
8.9193 	EXP 	None: autoDraw = True
8.9303 	EXP 	None: autoDraw = True
8.9415 	EXP 	None: autoDraw = True
8.9523 	EXP 	None: autoDraw = True
8.9619 	EXP 	None: autoDraw = True
8.9859 	EXP 	None: autoDraw = True
9.0025 	EXP 	None: autoDraw = True
9.0126 	EXP 	None: autoDraw = True
9.0232 	EXP 	None: autoDraw = True
9.0358 	EXP 	None: autoDraw = True
9.0460 	EXP 	None: autoDraw = True
9.0571 	EXP 	None: autoDraw = True
9.0692 	EXP 	None: autoDraw = True
9.0798 	EXP 	None: autoDraw = True
9.0908 	EXP 	None: autoDraw = True
9.1023 	EXP 	None: autoDraw = True
9.1130 	EXP 	None: autoDraw = True
9.1240 	EXP 	None: autoDraw = True
9.1356 	EXP 	None: autoDraw = True
9.1463 	EXP 	None: autoDraw = True
9.1571 	EXP 	None: autoDraw = True
9.1690 	EXP 	None: autoDraw = True
9.1801 	EXP 	None: autoDraw = True
9.1908 	EXP 	None: autoDraw = True
9.2023 	EXP 	None: autoDraw = True
9.2133 	EXP 	None: autoDraw = True
9.2238 	EXP 	None: autoDraw = True
9.2358 	EXP 	None: autoDraw = True
9.2466 	EXP 	None: autoDraw = True
9.2570 	EXP 	None: autoDraw = True
9.2690 	EXP 	None: autoDraw = True
9.2789 	EXP 	None: autoDraw = True
9.2902 	EXP 	None: autoDraw = True
9.3024 	EXP 	None: autoDraw = True
9.3140 	EXP 	None: autoDraw = True
9.3253 	EXP 	None: autoDraw = True
9.3364 	EXP 	None: autoDraw = True
9.3478 	EXP 	None: autoDraw = True
9.3590 	EXP 	None: autoDraw = True
9.3702 	EXP 	None: autoDraw = True
9.3810 	EXP 	None: autoDraw = True
9.3913 	EXP 	None: autoDraw = True
9.4025 	EXP 	None: autoDraw = True
9.4126 	EXP 	None: autoDraw = True
9.4237 	EXP 	None: autoDraw = True
9.4357 	EXP 	None: autoDraw = True
9.4469 	EXP 	None: autoDraw = True
9.4576 	EXP 	None: autoDraw = True
9.4690 	EXP 	None: autoDraw = True
9.4801 	EXP 	None: autoDraw = True
9.4909 	EXP 	None: autoDraw = True
9.5022 	EXP 	None: autoDraw = True
9.5124 	EXP 	None: autoDraw = True
9.5231 	EXP 	None: autoDraw = True
9.5358 	EXP 	None: autoDraw = True
9.5459 	EXP 	None: autoDraw = True
9.5564 	EXP 	None: autoDraw = True
9.5691 	EXP 	None: autoDraw = True
9.5792 	EXP 	None: autoDraw = True
9.5900 	EXP 	None: autoDraw = True
9.6027 	EXP 	None: autoDraw = True
9.6127 	EXP 	None: autoDraw = True
9.6233 	EXP 	None: autoDraw = True
9.6358 	EXP 	None: autoDraw = True
9.6459 	EXP 	None: autoDraw = True
9.6565 	EXP 	None: autoDraw = True
9.6692 	EXP 	None: autoDraw = True
9.6794 	EXP 	None: autoDraw = True
9.6901 	EXP 	None: autoDraw = True
9.6936 	DATA 	Mouse: Left button down, pos=(509,385)
9.6951 	EXP 	Resetting None parameter: brushPos.
9.6951 	EXP 	Creating ShapeStim for None
9.6953 	EXP 	window1: mouseVisible = True
9.7038 	EXP 	None: autoDraw = True
9.7150 	EXP 	None: autoDraw = True
9.7259 	EXP 	None: autoDraw = True
9.7373 	EXP 	None: autoDraw = True
9.7484 	EXP 	None: autoDraw = True
9.7594 	EXP 	None: autoDraw = True
9.7710 	EXP 	None: autoDraw = True
9.7825 	EXP 	None: autoDraw = True
9.7933 	EXP 	None: autoDraw = True
9.8051 	EXP 	None: autoDraw = True
9.8162 	EXP 	None: autoDraw = True
9.8269 	EXP 	None: autoDraw = True
9.8376 	EXP 	None: autoDraw = True
9.8491 	EXP 	None: autoDraw = True
9.8597 	EXP 	None: autoDraw = True
9.8715 	EXP 	None: autoDraw = True
9.8827 	EXP 	None: autoDraw = True
9.8930 	EXP 	None: autoDraw = True
9.9042 	EXP 	None: autoDraw = True
9.9161 	EXP 	None: autoDraw = True
9.9269 	EXP 	None: autoDraw = True
9.9385 	EXP 	None: autoDraw = True
9.9495 	EXP 	None: autoDraw = True
9.9604 	EXP 	None: autoDraw = True
9.9720 	EXP 	None: autoDraw = True
9.9832 	EXP 	None: autoDraw = True
9.9944 	EXP 	None: autoDraw = True
10.0192 	EXP 	None: autoDraw = True
10.0358 	EXP 	None: autoDraw = True
10.0469 	EXP 	None: autoDraw = True
10.0580 	EXP 	None: autoDraw = True
10.0617 	DATA 	Mouse:  Left button up, pos=(761,163)
10.0706 	EXP 	None: autoDraw = True
10.0735 	EXP 	Resetting None
10.0748 	EXP 	Created sequence: random, trialTypes=1, nReps=5, seed=None
10.0749 	EXP 	New trial (rep=0, index=0): None
10.0857 	EXP 	unnamed ShapeStim: autoDraw = False
10.0857 	EXP 	unnamed ShapeStim: autoDraw = False
10.0857 	EXP 	unnamed ShapeStim: autoDraw = False
10.0857 	EXP 	None: autoDraw = False
10.0857 	EXP 	targ_bot_right: autoDraw = False
10.0857 	EXP 	None: autoDraw = True
10.0966 	EXP 	None: autoDraw = True
10.1076 	EXP 	None: autoDraw = True
10.1196 	EXP 	None: autoDraw = True
10.1308 	EXP 	None: autoDraw = True
10.1407 	EXP 	None: autoDraw = True
10.1523 	EXP 	None: autoDraw = True
10.1628 	EXP 	None: autoDraw = True
10.1733 	EXP 	None: autoDraw = True
10.1857 	EXP 	None: autoDraw = True
10.1960 	EXP 	None: autoDraw = True
10.2067 	EXP 	None: autoDraw = True
10.2190 	EXP 	None: autoDraw = True
10.2294 	EXP 	None: autoDraw = True
10.2400 	EXP 	None: autoDraw = True
10.2523 	EXP 	None: autoDraw = True
10.2633 	EXP 	None: autoDraw = True
10.2740 	EXP 	None: autoDraw = True
10.2857 	EXP 	None: autoDraw = True
10.2965 	EXP 	None: autoDraw = True
10.3071 	EXP 	None: autoDraw = True
10.3190 	EXP 	None: autoDraw = True
10.3297 	EXP 	None: autoDraw = True
10.3407 	EXP 	None: autoDraw = True
10.3524 	EXP 	None: autoDraw = True
10.3632 	EXP 	None: autoDraw = True
10.3743 	EXP 	None: autoDraw = True
10.3857 	EXP 	None: autoDraw = True
10.3965 	EXP 	None: autoDraw = True
10.4081 	EXP 	None: autoDraw = True
10.4205 	EXP 	None: autoDraw = True
10.4328 	EXP 	None: autoDraw = True
10.4452 	EXP 	None: autoDraw = True
10.4570 	EXP 	None: autoDraw = True
10.4690 	EXP 	None: autoDraw = True
10.4796 	EXP 	None: autoDraw = True
10.4903 	EXP 	None: autoDraw = True
10.5025 	EXP 	None: autoDraw = True
10.5127 	EXP 	None: autoDraw = True
10.5238 	EXP 	None: autoDraw = True
10.5357 	EXP 	None: autoDraw = True
10.5469 	EXP 	None: autoDraw = True
10.5579 	EXP 	None: autoDraw = True
10.5698 	EXP 	None: autoDraw = True
10.5815 	EXP 	None: autoDraw = True
10.5937 	EXP 	None: autoDraw = True
10.6193 	EXP 	None: autoDraw = True
10.6313 	EXP 	None: autoDraw = True
10.6422 	EXP 	None: autoDraw = True
10.6535 	EXP 	None: autoDraw = True
10.6636 	EXP 	None: autoDraw = True
10.6741 	EXP 	None: autoDraw = True
10.6857 	EXP 	None: autoDraw = True
10.6971 	EXP 	None: autoDraw = True
10.7083 	EXP 	None: autoDraw = True
10.7199 	EXP 	None: autoDraw = True
10.7311 	EXP 	None: autoDraw = True
10.7422 	EXP 	None: autoDraw = True
10.7538 	EXP 	None: autoDraw = True
10.7650 	EXP 	None: autoDraw = True
10.7764 	EXP 	None: autoDraw = True
10.7884 	EXP 	None: autoDraw = True
10.7995 	EXP 	None: autoDraw = True
10.8104 	EXP 	None: autoDraw = True
10.8222 	EXP 	None: autoDraw = True
10.8333 	EXP 	None: autoDraw = True
10.8450 	EXP 	None: autoDraw = True
10.8703 	EXP 	None: autoDraw = True
10.8861 	EXP 	None: autoDraw = True
10.8971 	EXP 	None: autoDraw = True
10.9077 	EXP 	None: autoDraw = True
10.9189 	EXP 	None: autoDraw = True
10.9293 	EXP 	None: autoDraw = True
10.9400 	EXP 	None: autoDraw = True
10.9523 	EXP 	None: autoDraw = True
10.9623 	EXP 	None: autoDraw = True
10.9730 	EXP 	None: autoDraw = True
10.9858 	EXP 	None: autoDraw = True
10.9963 	EXP 	None: autoDraw = True
11.0068 	EXP 	None: autoDraw = True
11.0190 	EXP 	None: autoDraw = True
11.0292 	EXP 	None: autoDraw = True
11.0399 	EXP 	None: autoDraw = True
11.0525 	EXP 	None: autoDraw = True
11.0628 	EXP 	None: autoDraw = True
11.0734 	EXP 	None: autoDraw = True
11.0857 	EXP 	None: autoDraw = True
11.0961 	EXP 	None: autoDraw = True
11.1066 	EXP 	None: autoDraw = True
11.1190 	EXP 	None: autoDraw = True
11.1295 	EXP 	None: autoDraw = True
11.1400 	EXP 	None: autoDraw = True
11.1523 	EXP 	None: autoDraw = True
11.1626 	EXP 	None: autoDraw = True
11.1734 	EXP 	None: autoDraw = True
11.1856 	EXP 	None: autoDraw = True
11.1958 	EXP 	None: autoDraw = True
11.2065 	EXP 	None: autoDraw = True
11.2191 	EXP 	None: autoDraw = True
11.2294 	EXP 	None: autoDraw = True
11.2399 	EXP 	None: autoDraw = True
11.2523 	EXP 	None: autoDraw = True
11.2627 	EXP 	None: autoDraw = True
11.2733 	EXP 	None: autoDraw = True
11.2856 	EXP 	None: autoDraw = True
11.2961 	EXP 	None: autoDraw = True
11.3066 	EXP 	None: autoDraw = True
11.3192 	EXP 	None: autoDraw = True
11.3294 	EXP 	None: autoDraw = True
11.3400 	EXP 	None: autoDraw = True
11.3525 	EXP 	None: autoDraw = True
11.3589 	DATA 	Mouse: Left button down, pos=(474,398)
11.3593 	EXP 	Resetting None parameter: brushPos.
11.3593 	EXP 	Creating ShapeStim for None
11.3595 	EXP 	window1: mouseVisible = True
11.3661 	EXP 	None: autoDraw = True
11.3775 	EXP 	None: autoDraw = True
11.4027 	EXP 	None: autoDraw = True
11.4192 	EXP 	None: autoDraw = True
11.4304 	EXP 	None: autoDraw = True
11.4412 	EXP 	None: autoDraw = True
11.4524 	EXP 	None: autoDraw = True
11.4634 	EXP 	None: autoDraw = True
11.4745 	EXP 	None: autoDraw = True
11.4859 	EXP 	None: autoDraw = True
11.4966 	EXP 	None: autoDraw = True
11.5076 	EXP 	None: autoDraw = True
11.5193 	EXP 	None: autoDraw = True
11.5306 	EXP 	None: autoDraw = True
11.5415 	EXP 	None: autoDraw = True
11.5531 	EXP 	None: autoDraw = True
11.5647 	EXP 	None: autoDraw = True
11.5755 	EXP 	None: autoDraw = True
11.5872 	EXP 	None: autoDraw = True
11.5987 	EXP 	None: autoDraw = True
11.6094 	EXP 	None: autoDraw = True
11.6205 	EXP 	None: autoDraw = True
11.6319 	EXP 	None: autoDraw = True
11.6429 	EXP 	None: autoDraw = True
11.6549 	EXP 	None: autoDraw = True
11.6665 	EXP 	None: autoDraw = True
11.6775 	EXP 	None: autoDraw = True
11.7028 	EXP 	None: autoDraw = True
11.7193 	EXP 	None: autoDraw = True
11.7304 	EXP 	None: autoDraw = True
11.7418 	EXP 	None: autoDraw = True
11.7535 	EXP 	None: autoDraw = True
11.7652 	EXP 	None: autoDraw = True
11.7764 	EXP 	None: autoDraw = True
11.7882 	EXP 	None: autoDraw = True
11.7997 	EXP 	None: autoDraw = True
11.8110 	EXP 	None: autoDraw = True
11.8361 	EXP 	None: autoDraw = True
11.8526 	EXP 	None: autoDraw = True
11.8640 	EXP 	None: autoDraw = True
11.8750 	EXP 	None: autoDraw = True
11.8871 	EXP 	None: autoDraw = True
11.8986 	EXP 	None: autoDraw = True
11.9095 	EXP 	None: autoDraw = True
11.9206 	EXP 	None: autoDraw = True
11.9318 	EXP 	None: autoDraw = True
11.9427 	EXP 	None: autoDraw = True
11.9540 	EXP 	None: autoDraw = True
11.9656 	EXP 	None: autoDraw = True
11.9763 	EXP 	None: autoDraw = True
11.9876 	EXP 	None: autoDraw = True
11.9989 	EXP 	None: autoDraw = True
12.0096 	EXP 	None: autoDraw = True
12.0217 	EXP 	None: autoDraw = True
12.0333 	EXP 	None: autoDraw = True
12.0441 	EXP 	None: autoDraw = True
12.0693 	EXP 	None: autoDraw = True
12.0859 	EXP 	None: autoDraw = True
12.0977 	EXP 	None: autoDraw = True
12.1083 	EXP 	None: autoDraw = True
12.1203 	EXP 	None: autoDraw = True
12.1317 	EXP 	None: autoDraw = True
12.1426 	EXP 	None: autoDraw = True
12.1545 	EXP 	None: autoDraw = True
12.1656 	EXP 	None: autoDraw = True
12.1768 	EXP 	None: autoDraw = True
12.1886 	EXP 	None: autoDraw = True
12.2001 	EXP 	None: autoDraw = True
12.2115 	EXP 	None: autoDraw = True
12.2230 	EXP 	None: autoDraw = True
12.2358 	EXP 	None: autoDraw = True
12.2474 	EXP 	None: autoDraw = True
12.2584 	EXP 	None: autoDraw = True
12.2706 	EXP 	None: autoDraw = True
12.2822 	EXP 	None: autoDraw = True
12.2934 	EXP 	None: autoDraw = True
12.3054 	EXP 	None: autoDraw = True
12.3169 	EXP 	None: autoDraw = True
12.3285 	EXP 	None: autoDraw = True
12.3399 	EXP 	None: autoDraw = True
12.3523 	EXP 	None: autoDraw = True
12.3643 	EXP 	None: autoDraw = True
12.3755 	EXP 	None: autoDraw = True
12.3874 	EXP 	None: autoDraw = True
12.3995 	EXP 	None: autoDraw = True
12.4130 	EXP 	None: autoDraw = True
12.4242 	EXP 	None: autoDraw = True
12.4365 	EXP 	None: autoDraw = True
12.4481 	EXP 	None: autoDraw = True
12.4586 	EXP 	None: autoDraw = True
12.4706 	EXP 	None: autoDraw = True
12.4821 	EXP 	None: autoDraw = True
12.4936 	EXP 	None: autoDraw = True
12.5194 	EXP 	None: autoDraw = True
12.5359 	EXP 	None: autoDraw = True
12.5477 	EXP 	None: autoDraw = True
12.5587 	EXP 	None: autoDraw = True
12.5702 	EXP 	None: autoDraw = True
12.5818 	EXP 	None: autoDraw = True
12.5928 	EXP 	None: autoDraw = True
12.6050 	EXP 	None: autoDraw = True
12.6167 	EXP 	None: autoDraw = True
12.6283 	EXP 	None: autoDraw = True
12.6400 	EXP 	None: autoDraw = True
12.6524 	EXP 	None: autoDraw = True
12.6643 	EXP 	None: autoDraw = True
12.6756 	EXP 	None: autoDraw = True
12.6870 	EXP 	None: autoDraw = True
12.6993 	EXP 	None: autoDraw = True
12.7103 	EXP 	None: autoDraw = True
12.7367 	EXP 	None: autoDraw = True
12.7526 	EXP 	None: autoDraw = True
12.7641 	EXP 	None: autoDraw = True
12.7751 	EXP 	None: autoDraw = True
12.7867 	EXP 	None: autoDraw = True
12.7981 	EXP 	None: autoDraw = True
12.8087 	EXP 	None: autoDraw = True
12.8207 	EXP 	None: autoDraw = True
12.8321 	EXP 	None: autoDraw = True
12.8429 	EXP 	None: autoDraw = True
12.8543 	EXP 	None: autoDraw = True
12.8659 	EXP 	None: autoDraw = True
12.8771 	EXP 	None: autoDraw = True
12.9028 	EXP 	None: autoDraw = True
12.9193 	EXP 	None: autoDraw = True
12.9311 	EXP 	None: autoDraw = True
12.9422 	EXP 	None: autoDraw = True
12.9543 	EXP 	None: autoDraw = True
12.9659 	EXP 	None: autoDraw = True
12.9772 	EXP 	None: autoDraw = True
13.0027 	EXP 	None: autoDraw = True
13.0193 	EXP 	None: autoDraw = True
13.0334 	EXP 	None: autoDraw = True
13.0466 	EXP 	None: autoDraw = True
13.0577 	EXP 	None: autoDraw = True
13.0699 	EXP 	None: autoDraw = True
13.0812 	EXP 	None: autoDraw = True
13.0923 	EXP 	None: autoDraw = True
13.1044 	EXP 	None: autoDraw = True
13.1159 	EXP 	None: autoDraw = True
13.1271 	EXP 	None: autoDraw = True
13.1387 	EXP 	None: autoDraw = True
13.1499 	EXP 	None: autoDraw = True
13.1614 	EXP 	None: autoDraw = True
13.1731 	EXP 	None: autoDraw = True
13.1857 	EXP 	None: autoDraw = True
13.1975 	EXP 	None: autoDraw = True
13.2085 	EXP 	None: autoDraw = True
13.2205 	EXP 	None: autoDraw = True
13.2318 	EXP 	None: autoDraw = True
13.2431 	EXP 	None: autoDraw = True
13.2549 	EXP 	None: autoDraw = True
13.2669 	EXP 	None: autoDraw = True
13.2785 	EXP 	None: autoDraw = True
13.2902 	EXP 	None: autoDraw = True
13.3024 	EXP 	None: autoDraw = True
13.3140 	EXP 	None: autoDraw = True
13.3252 	EXP 	None: autoDraw = True
13.3378 	EXP 	None: autoDraw = True
13.3491 	EXP 	None: autoDraw = True
13.3600 	EXP 	None: autoDraw = True
13.3714 	EXP 	None: autoDraw = True
13.3830 	EXP 	None: autoDraw = True
13.3945 	EXP 	None: autoDraw = True
13.4061 	EXP 	None: autoDraw = True
13.4190 	EXP 	None: autoDraw = True
13.4308 	EXP 	None: autoDraw = True
13.4421 	EXP 	None: autoDraw = True
13.4544 	EXP 	None: autoDraw = True
13.4660 	EXP 	None: autoDraw = True
13.4772 	EXP 	None: autoDraw = True
13.5028 	EXP 	None: autoDraw = True
13.5193 	EXP 	None: autoDraw = True
13.5311 	EXP 	None: autoDraw = True
13.5423 	EXP 	None: autoDraw = True
13.5538 	EXP 	None: autoDraw = True
13.5659 	EXP 	None: autoDraw = True
13.5787 	EXP 	None: autoDraw = True
13.5906 	EXP 	None: autoDraw = True
13.6029 	EXP 	None: autoDraw = True
13.6152 	EXP 	None: autoDraw = True
13.6262 	EXP 	None: autoDraw = True
13.6378 	EXP 	None: autoDraw = True
13.6498 	EXP 	None: autoDraw = True
13.6615 	EXP 	None: autoDraw = True
13.6733 	EXP 	None: autoDraw = True
13.6857 	EXP 	None: autoDraw = True
13.6972 	EXP 	None: autoDraw = True
13.7084 	EXP 	None: autoDraw = True
13.7202 	EXP 	None: autoDraw = True
13.7314 	EXP 	None: autoDraw = True
13.7424 	EXP 	None: autoDraw = True
13.7541 	EXP 	None: autoDraw = True
13.7654 	EXP 	None: autoDraw = True
13.7766 	EXP 	None: autoDraw = True
13.7884 	EXP 	None: autoDraw = True
13.7997 	EXP 	None: autoDraw = True
13.8107 	EXP 	None: autoDraw = True
13.8361 	EXP 	None: autoDraw = True
13.8526 	EXP 	None: autoDraw = True
13.8638 	EXP 	None: autoDraw = True
13.8743 	EXP 	None: autoDraw = True
13.8860 	EXP 	None: autoDraw = True
13.8976 	EXP 	None: autoDraw = True
13.9086 	EXP 	None: autoDraw = True
13.9211 	EXP 	None: autoDraw = True
13.9329 	EXP 	None: autoDraw = True
13.9447 	EXP 	None: autoDraw = True
13.9566 	EXP 	None: autoDraw = True
13.9690 	EXP 	None: autoDraw = True
13.9808 	EXP 	None: autoDraw = True
13.9919 	EXP 	None: autoDraw = True
14.0034 	EXP 	None: autoDraw = True
14.0151 	EXP 	None: autoDraw = True
14.0264 	EXP 	None: autoDraw = True
14.0387 	EXP 	None: autoDraw = True
14.0507 	EXP 	None: autoDraw = True
14.0620 	EXP 	None: autoDraw = True
14.0737 	EXP 	None: autoDraw = True
14.0857 	EXP 	None: autoDraw = True
14.0976 	EXP 	None: autoDraw = True
14.1089 	EXP 	None: autoDraw = True
14.1210 	EXP 	None: autoDraw = True
14.1329 	EXP 	None: autoDraw = True
14.1441 	EXP 	None: autoDraw = True
14.1564 	EXP 	None: autoDraw = True
14.1690 	EXP 	None: autoDraw = True
14.1810 	EXP 	None: autoDraw = True
14.1921 	EXP 	None: autoDraw = True
14.2037 	EXP 	None: autoDraw = True
14.2152 	EXP 	None: autoDraw = True
14.2264 	EXP 	None: autoDraw = True
14.2386 	EXP 	None: autoDraw = True
14.2504 	EXP 	None: autoDraw = True
14.2621 	EXP 	None: autoDraw = True
14.2738 	EXP 	None: autoDraw = True
14.2857 	EXP 	None: autoDraw = True
14.2974 	EXP 	None: autoDraw = True
14.3086 	EXP 	None: autoDraw = True
14.3205 	EXP 	None: autoDraw = True
14.3324 	EXP 	None: autoDraw = True
14.3433 	EXP 	None: autoDraw = True
14.3547 	EXP 	None: autoDraw = True
14.3658 	EXP 	None: autoDraw = True
14.3767 	EXP 	None: autoDraw = True
14.3883 	EXP 	None: autoDraw = True
14.3997 	EXP 	None: autoDraw = True
14.4107 	EXP 	None: autoDraw = True
14.4361 	EXP 	None: autoDraw = True
14.4526 	EXP 	None: autoDraw = True
14.4639 	EXP 	None: autoDraw = True
14.4750 	EXP 	None: autoDraw = True
14.4866 	EXP 	None: autoDraw = True
14.4981 	EXP 	None: autoDraw = True
14.5092 	EXP 	None: autoDraw = True
14.5211 	EXP 	None: autoDraw = True
14.5243 	DATA 	Mouse:  Left button up, pos=(817,239)
14.5254 	EXP 	Resetting None
14.5259 	EXP 	New trial (rep=1, index=0): None
14.5376 	EXP 	None: autoDraw = True
14.5376 	EXP 	None: autoDraw = False
14.5376 	EXP 	targ_bot_right: autoDraw = False
14.5376 	EXP 	None: autoDraw = True
14.5503 	EXP 	None: autoDraw = True
14.5629 	EXP 	None: autoDraw = True
14.5751 	EXP 	None: autoDraw = True
14.5882 	EXP 	None: autoDraw = True
14.6008 	EXP 	None: autoDraw = True
14.6132 	EXP 	None: autoDraw = True
14.6255 	EXP 	None: autoDraw = True
14.6384 	EXP 	None: autoDraw = True
14.6508 	EXP 	None: autoDraw = True
14.6632 	EXP 	None: autoDraw = True
14.6753 	EXP 	None: autoDraw = True
14.6876 	EXP 	None: autoDraw = True
14.7025 	EXP 	None: autoDraw = True
14.7173 	EXP 	None: autoDraw = True
14.7318 	EXP 	None: autoDraw = True
14.7463 	EXP 	None: autoDraw = True
14.7603 	EXP 	None: autoDraw = True
14.7748 	EXP 	None: autoDraw = True
14.7909 	EXP 	None: autoDraw = True
14.8057 	EXP 	None: autoDraw = True
14.8208 	EXP 	None: autoDraw = True
14.8463 	EXP 	None: autoDraw = True
14.8819 	EXP 	None: autoDraw = True
14.9902 	EXP 	None: autoDraw = True
15.0233 	EXP 	None: autoDraw = True
15.1014 	EXP 	None: autoDraw = True
15.2959 	EXP 	None: autoDraw = True
15.3318 	EXP 	None: autoDraw = True
15.3495 	EXP 	None: autoDraw = True
15.3657 	EXP 	None: autoDraw = True
15.3814 	EXP 	None: autoDraw = True
15.3961 	EXP 	None: autoDraw = True
15.4105 	EXP 	None: autoDraw = True
15.4244 	EXP 	None: autoDraw = True
15.4392 	EXP 	None: autoDraw = True
15.4537 	EXP 	None: autoDraw = True
15.4683 	EXP 	None: autoDraw = True
15.4827 	EXP 	None: autoDraw = True
15.4970 	EXP 	None: autoDraw = True
15.5106 	EXP 	None: autoDraw = True
15.5240 	EXP 	None: autoDraw = True
15.5385 	EXP 	None: autoDraw = True
15.5515 	EXP 	None: autoDraw = True
15.5651 	EXP 	None: autoDraw = True
15.5781 	EXP 	None: autoDraw = True
15.5902 	EXP 	None: autoDraw = True
15.6039 	EXP 	None: autoDraw = True
15.6166 	EXP 	None: autoDraw = True
15.6292 	EXP 	None: autoDraw = True
15.6418 	EXP 	None: autoDraw = True
15.6543 	EXP 	None: autoDraw = True
15.6671 	EXP 	None: autoDraw = True
15.6799 	EXP 	None: autoDraw = True
15.6927 	EXP 	None: autoDraw = True
15.7196 	EXP 	None: autoDraw = True
15.7362 	EXP 	None: autoDraw = True
15.7491 	EXP 	None: autoDraw = True
15.7673 	EXP 	None: autoDraw = True
15.7804 	EXP 	None: autoDraw = True
15.7931 	EXP 	None: autoDraw = True
15.8194 	EXP 	None: autoDraw = True
15.8361 	EXP 	None: autoDraw = True
15.8491 	EXP 	None: autoDraw = True
15.8623 	EXP 	None: autoDraw = True
15.8757 	EXP 	None: autoDraw = True
15.8897 	EXP 	None: autoDraw = True
15.9033 	EXP 	None: autoDraw = True
15.9163 	EXP 	None: autoDraw = True
15.9296 	EXP 	None: autoDraw = True
15.9422 	EXP 	None: autoDraw = True
15.9552 	EXP 	None: autoDraw = True
15.9676 	EXP 	None: autoDraw = True
15.9800 	EXP 	None: autoDraw = True
15.9922 	EXP 	None: autoDraw = True
16.0049 	EXP 	None: autoDraw = True
16.0183 	EXP 	None: autoDraw = True
16.0310 	EXP 	None: autoDraw = True
16.0431 	EXP 	None: autoDraw = True
16.0697 	EXP 	None: autoDraw = True
16.0734 	DATA 	Mouse: Left button down, pos=(535,489)
16.0788 	EXP 	Resetting None parameter: brushPos.
16.0789 	EXP 	Creating ShapeStim for None
16.0794 	EXP 	window1: mouseVisible = True
16.0873 	EXP 	None: autoDraw = True
16.1028 	EXP 	None: autoDraw = True
16.1169 	EXP 	None: autoDraw = True
16.1310 	EXP 	None: autoDraw = True
16.1449 	EXP 	None: autoDraw = True
16.1583 	EXP 	None: autoDraw = True
16.1862 	EXP 	None: autoDraw = True
16.2026 	EXP 	None: autoDraw = True
16.2163 	EXP 	None: autoDraw = True
16.2305 	EXP 	None: autoDraw = True
16.2441 	EXP 	None: autoDraw = True
16.2578 	EXP 	None: autoDraw = True
16.2718 	EXP 	None: autoDraw = True
16.2852 	EXP 	None: autoDraw = True
16.2990 	EXP 	None: autoDraw = True
16.3127 	EXP 	None: autoDraw = True
16.3258 	EXP 	None: autoDraw = True
16.3397 	EXP 	None: autoDraw = True
16.3538 	EXP 	None: autoDraw = True
16.3676 	EXP 	None: autoDraw = True
16.3808 	EXP 	None: autoDraw = True
16.3938 	EXP 	None: autoDraw = True
16.4074 	EXP 	None: autoDraw = True
16.4107 	DATA 	Mouse:  Left button up, pos=(568,168)
16.4219 	EXP 	None: autoDraw = True
16.4246 	EXP 	Resetting None
16.4256 	EXP 	New trial (rep=2, index=0): None
16.4356 	EXP 	None: autoDraw = False
16.4356 	EXP 	targ_top_center: autoDraw = False
16.4356 	EXP 	None: autoDraw = True
16.4478 	EXP 	None: autoDraw = True
16.4601 	EXP 	None: autoDraw = True
16.4729 	EXP 	None: autoDraw = True
16.4857 	EXP 	None: autoDraw = True
16.4981 	EXP 	None: autoDraw = True
16.5106 	EXP 	None: autoDraw = True
16.5233 	EXP 	None: autoDraw = True
16.5359 	EXP 	None: autoDraw = True
16.5484 	EXP 	None: autoDraw = True
16.5612 	EXP 	None: autoDraw = True
16.5738 	EXP 	None: autoDraw = True
16.5863 	EXP 	None: autoDraw = True
16.5992 	EXP 	None: autoDraw = True
16.6118 	EXP 	None: autoDraw = True
16.6250 	EXP 	None: autoDraw = True
16.6381 	EXP 	None: autoDraw = True
16.6511 	EXP 	None: autoDraw = True
16.6643 	EXP 	None: autoDraw = True
16.6781 	EXP 	None: autoDraw = True
16.6914 	EXP 	None: autoDraw = True
16.7195 	EXP 	None: autoDraw = True
16.7368 	EXP 	None: autoDraw = True
16.7531 	EXP 	None: autoDraw = True
16.7680 	EXP 	None: autoDraw = True
16.7832 	EXP 	None: autoDraw = True
16.7977 	EXP 	None: autoDraw = True
16.8124 	EXP 	None: autoDraw = True
16.8264 	EXP 	None: autoDraw = True
16.8411 	EXP 	None: autoDraw = True
16.8545 	EXP 	None: autoDraw = True
16.8682 	EXP 	None: autoDraw = True
16.8815 	EXP 	None: autoDraw = True
16.8951 	EXP 	None: autoDraw = True
16.9084 	EXP 	None: autoDraw = True
16.9367 	EXP 	None: autoDraw = True
16.9527 	EXP 	None: autoDraw = True
16.9664 	EXP 	None: autoDraw = True
16.9752 	DATA 	Mouse: Left button down, pos=(405,369)
16.9804 	EXP 	None: autoDraw = True
16.9880 	EXP 	Resetting None parameter: brushPos.
16.9880 	EXP 	Creating ShapeStim for None
16.9882 	EXP 	window1: mouseVisible = True
16.9948 	EXP 	None: autoDraw = True
17.0079 	EXP 	None: autoDraw = True
17.0218 	EXP 	None: autoDraw = True
17.0351 	EXP 	None: autoDraw = True
17.0484 	EXP 	None: autoDraw = True
17.0616 	EXP 	None: autoDraw = True
17.0752 	EXP 	None: autoDraw = True
17.1026 	EXP 	None: autoDraw = True
17.1194 	EXP 	None: autoDraw = True
17.1332 	EXP 	None: autoDraw = True
17.1474 	EXP 	None: autoDraw = True
17.1606 	EXP 	None: autoDraw = True
17.1744 	EXP 	None: autoDraw = True
17.1877 	EXP 	None: autoDraw = True
17.2013 	EXP 	None: autoDraw = True
17.2148 	EXP 	None: autoDraw = True
17.2286 	EXP 	None: autoDraw = True
17.2417 	EXP 	None: autoDraw = True
17.2696 	EXP 	None: autoDraw = True
17.2859 	EXP 	None: autoDraw = True
17.3000 	EXP 	None: autoDraw = True
17.3082 	DATA 	Mouse:  Left button up, pos=(670,317)
17.3146 	EXP 	None: autoDraw = True
17.3273 	EXP 	None: autoDraw = True
17.3299 	EXP 	Resetting None
17.3305 	EXP 	New trial (rep=3, index=0): None
17.3407 	EXP 	None: autoDraw = False
17.3407 	EXP 	targ_mid_right: autoDraw = False
17.3407 	EXP 	None: autoDraw = True
17.3533 	EXP 	None: autoDraw = True
17.3657 	EXP 	None: autoDraw = True
17.3778 	EXP 	None: autoDraw = True
17.3905 	EXP 	None: autoDraw = True
17.4032 	EXP 	None: autoDraw = True
17.4159 	EXP 	None: autoDraw = True
17.4284 	EXP 	None: autoDraw = True
17.4408 	EXP 	None: autoDraw = True
17.4535 	EXP 	None: autoDraw = True
17.4672 	EXP 	None: autoDraw = True
17.4815 	EXP 	None: autoDraw = True
17.4961 	EXP 	None: autoDraw = True
17.5101 	EXP 	None: autoDraw = True
17.5250 	EXP 	None: autoDraw = True
17.5401 	EXP 	None: autoDraw = True
17.5553 	EXP 	None: autoDraw = True
17.5703 	EXP 	None: autoDraw = True
17.5850 	EXP 	None: autoDraw = True
17.5998 	EXP 	None: autoDraw = True
17.6142 	EXP 	None: autoDraw = True
17.6280 	EXP 	None: autoDraw = True
17.6414 	EXP 	None: autoDraw = True
17.6554 	EXP 	None: autoDraw = True
17.6680 	EXP 	None: autoDraw = True
17.6806 	EXP 	None: autoDraw = True
17.6930 	EXP 	None: autoDraw = True
17.7195 	EXP 	None: autoDraw = True
17.7360 	EXP 	None: autoDraw = True
17.7487 	EXP 	None: autoDraw = True
17.7612 	EXP 	None: autoDraw = True
17.7740 	EXP 	None: autoDraw = True
17.7867 	EXP 	None: autoDraw = True
17.7992 	EXP 	None: autoDraw = True
17.8070 	DATA 	Mouse: Left button down, pos=(549,494)
17.8074 	EXP 	Resetting None parameter: brushPos.
17.8075 	EXP 	Creating ShapeStim for None
17.8076 	EXP 	window1: mouseVisible = True
17.8141 	EXP 	None: autoDraw = True
17.8273 	EXP 	None: autoDraw = True
17.8412 	EXP 	None: autoDraw = True
17.8696 	EXP 	None: autoDraw = True
17.8857 	EXP 	None: autoDraw = True
17.9003 	EXP 	None: autoDraw = True
17.9144 	EXP 	None: autoDraw = True
17.9282 	EXP 	None: autoDraw = True
17.9415 	EXP 	None: autoDraw = True
17.9695 	EXP 	None: autoDraw = True
17.9859 	EXP 	None: autoDraw = True
17.9996 	EXP 	None: autoDraw = True
18.0136 	EXP 	None: autoDraw = True
18.0270 	EXP 	None: autoDraw = True
18.0414 	EXP 	None: autoDraw = True
18.0556 	EXP 	None: autoDraw = True
18.0693 	EXP 	None: autoDraw = True
18.0831 	EXP 	None: autoDraw = True
18.0968 	EXP 	None: autoDraw = True
18.1105 	EXP 	None: autoDraw = True
18.1243 	EXP 	None: autoDraw = True
18.1385 	EXP 	None: autoDraw = True
18.1522 	EXP 	None: autoDraw = True
18.1650 	EXP 	None: autoDraw = True
18.1778 	EXP 	None: autoDraw = True
18.1916 	EXP 	None: autoDraw = True
18.1949 	DATA 	Mouse:  Left button up, pos=(575,220)
18.2195 	EXP 	None: autoDraw = True
18.2222 	EXP 	Resetting None
18.2228 	EXP 	New trial (rep=4, index=0): None
18.2360 	EXP 	None: autoDraw = False
18.2360 	EXP 	targ_top_right: autoDraw = False
18.2360 	EXP 	None: autoDraw = True
18.2486 	EXP 	None: autoDraw = True
18.2607 	EXP 	None: autoDraw = True
18.2736 	EXP 	None: autoDraw = True
18.2864 	EXP 	None: autoDraw = True
18.2989 	EXP 	None: autoDraw = True
18.3109 	EXP 	None: autoDraw = True
18.3237 	EXP 	None: autoDraw = True
18.3367 	EXP 	None: autoDraw = True
18.3497 	EXP 	None: autoDraw = True
18.3633 	EXP 	None: autoDraw = True
18.3762 	EXP 	None: autoDraw = True
18.3900 	EXP 	None: autoDraw = True
18.4033 	EXP 	None: autoDraw = True
18.4163 	EXP 	None: autoDraw = True
18.4296 	EXP 	None: autoDraw = True
18.4425 	EXP 	None: autoDraw = True
18.4695 	EXP 	None: autoDraw = True
18.4860 	EXP 	None: autoDraw = True
18.4985 	EXP 	None: autoDraw = True
18.5109 	EXP 	None: autoDraw = True
18.5237 	EXP 	None: autoDraw = True
18.5365 	EXP 	None: autoDraw = True
18.5495 	EXP 	None: autoDraw = True
18.5622 	EXP 	None: autoDraw = True
18.5746 	EXP 	None: autoDraw = True
18.5879 	EXP 	None: autoDraw = True
18.6004 	EXP 	None: autoDraw = True
18.6129 	EXP 	None: autoDraw = True
18.6269 	EXP 	None: autoDraw = True
18.6305 	DATA 	Mouse: Left button down, pos=(393,417)
18.6358 	EXP 	Resetting None parameter: brushPos.
18.6359 	EXP 	Creating ShapeStim for None
18.6361 	EXP 	window1: mouseVisible = True
18.6425 	EXP 	None: autoDraw = True
18.6563 	EXP 	None: autoDraw = True
18.6699 	EXP 	None: autoDraw = True
18.6833 	EXP 	None: autoDraw = True
18.6975 	EXP 	None: autoDraw = True
18.7124 	EXP 	None: autoDraw = True
18.7270 	EXP 	None: autoDraw = True
18.7414 	EXP 	None: autoDraw = True
18.7568 	EXP 	None: autoDraw = True
18.7722 	EXP 	None: autoDraw = True
18.7878 	EXP 	None: autoDraw = True
18.8031 	EXP 	None: autoDraw = True
18.8180 	EXP 	None: autoDraw = True
18.8333 	EXP 	None: autoDraw = True
18.8480 	EXP 	None: autoDraw = True
18.8627 	EXP 	None: autoDraw = True
18.8768 	EXP 	None: autoDraw = True
18.8912 	EXP 	None: autoDraw = True
18.9195 	EXP 	None: autoDraw = True
18.9358 	EXP 	None: autoDraw = True
18.9501 	EXP 	None: autoDraw = True
18.9637 	EXP 	None: autoDraw = True
18.9776 	EXP 	None: autoDraw = True
18.9806 	DATA 	Mouse:  Left button up, pos=(626,353)
18.9914 	EXP 	None: autoDraw = True
18.9941 	EXP 	Resetting None
19.0026 	EXP 	None: autoDraw = False
19.0026 	EXP 	targ_bot_right: autoDraw = False
19.0053 	EXP 	untitled: status = STOPPED
19.0296 	INFO 	saved data to '/Users/brynnkroke/Documents/Spring 2024/CLPS 0950/Untitled/Final Project/data/094024_untitled_2024-05-02_20h44.56.544.csv'
19.0310 	INFO 	saved data to /Users/brynnkroke/Documents/Spring 2024/CLPS 0950/Untitled/Final Project/data/094024_untitled_2024-05-02_20h44.56.544.psydat
19.0593 	EXP 	window1: mouseVisible = True
19.4854 	DEBUG 	Saving data for untitled ExperimentHandler
